This file contains any messages produced by compilers while
running configure, to aid debugging if configure makes a mistake.

It was created by configure, which was
generated by GNU Autoconf 2.69.  Invocation command line was

  $ ./configure --prefix=/disk/bulk_atp/gator/BAT-0.9.3

## --------- ##
## Platform. ##
## --------- ##

hostname = farm-ui
uname -m = x86_64
uname -r = 4.12.14-lp151.28.36-default
uname -s = Linux
uname -v = #1 SMP Fri Dec 6 13:50:27 UTC 2019 (8f4a495)

/usr/bin/uname -p = x86_64
/bin/uname -X     = unknown

/bin/arch              = x86_64
/usr/bin/arch -k       = unknown
/usr/convex/getsysinfo = unknown
/usr/bin/hostinfo      = unknown
/bin/machine           = unknown
/usr/bin/oslevel       = unknown
/bin/universe          = unknown

PATH: /app/cern/root_v5.34.38/bin
PATH: /usr/local/bin
PATH: /usr/bin
PATH: /bin
PATH: /usr/lib/mit/bin
PATH: /usr/lib/mit/sbin
PATH: /home/atp/gabriela/geant4/bin/Linux-g++
PATH: /home/atp/gabriela/geant4/bin/Linux-g++
PATH: /home/atp/gabriela/geant4/bin/Linux-g++
PATH: /home/atp/gabriela/geant4/bin/Linux-g++


## ----------- ##
## Core tests. ##
## ----------- ##

configure:2286: loading site script /usr/share/site/x86_64-unknown-linux-gnu
| #!/bin/sh
| # Site script for configure. It is resourced via $CONFIG_SITE environment varaible.
| 
| # If user did not specify libdir, guess the correct target:
| # Use lib64 for 64 bit bi-arch targets, keep the default for the rest.
| if test "$libdir" = '${exec_prefix}/lib' ; then
| 
| 	ac_config_site_64bit_host=NONE
| 
| 	case "$host" in
| 	"" )
| 		# User did not specify host target.
| 		# The native platform x86_64 is a bi-arch platform.
| 		# Try to detect cross-compilation to inferior architecture.
| 
| 		# We are trying to guess 32-bit target compilation. It's not as easy as
| 		# it sounds, as there is possible several intermediate combinations.
| 		ac_config_site_cross_to_32bit_host=NONE
| 
| 		# User defined -m32 in CFLAGS or CXXFLAGS or CC or CXX:
| 		# (It's sufficient for 32-bit, but alone may cause mis-behavior of some checks.)
| 		case "$CFLAGS $CXXFLAGS $CC $CXX" in
| 		*-m32*)
| 			ac_config_site_cross_to_32bit_host=YES
| 			;;
| 		esac
| 
| 		# Running with linux32:
| 		# (Changes detected platform, but not the toolchain target.)
| 		case "`/bin/uname -i`" in
| 		x86_64 | ppc64 | s390x | aarch64 )
| 			;;
| 		* )
| 			ac_config_site_cross_to_32bit_host=YES
| 			;;
| 		esac
| 
| 		if test "x$ac_config_site_cross_to_32bit_host" = xNONE; then
| 			ac_config_site_64bit_host=YES
| 		fi
| 
| 		;;
| 	*x86_64* | *ppc64* | *s390x* | *aarch64* )
| 		ac_config_site_64bit_host=YES
| 		;;
| 	esac
| 
| 	if test "x$ac_config_site_64bit_host" = xYES; then
| 		libdir='${exec_prefix}/lib64'
| 	fi
| fi
| 
| # If user did not specify libexecdir, set the correct target:
| # Nor FHS nor openSUSE allow prefix/libexec. Let's default to prefix/lib.
| 
| if test "$libexecdir" = '${exec_prefix}/libexec' ; then
| 	libexecdir='${exec_prefix}/lib'
| fi
| 
| # Continue with the standard behavior of configure defined in AC_SITE_LOAD:
| if test "x$prefix" != xNONE; then
| 	ac_site_file1=$prefix/share/config.site
| 	ac_site_file2=$prefix/etc/config.site
| else
| 	ac_site_file1=$ac_default_prefix/share/config.site
| 	ac_site_file2=$ac_default_prefix/etc/config.site
| fi
| for ac_site_file in "$ac_site_file1" "$ac_site_file2"
| do
| 	test "x$ac_site_file" = xNONE && continue
| 	if test /dev/null != "$ac_site_file" && test -r "$ac_site_file"; then
| 		{ $as_echo "/usr/share/site/x86_64-unknown-linux-gnu:${as_lineno-$LINENO}: loading site script $ac_site_file" >&5
| $as_echo "/usr/share/site/x86_64-unknown-linux-gnu: loading site script $ac_site_file" >&6;}
| 		sed 's/^/| /' "$ac_site_file" >&5
| 		. "$ac_site_file" \
| 			|| { { $as_echo "/usr/share/site/x86_64-unknown-linux-gnu:${as_lineno-$LINENO}: error: in \`$ac_pwd':" >&5
| $as_echo "/usr/share/site/x86_64-unknown-linux-gnu: error: in \`$ac_pwd':" >&2;}
| as_fn_error $? "failed to load site script $ac_site_file
| See \`config.log' for more details" "$LINENO" 5; }
| 	fi
| done
configure:2431: checking for a BSD-compatible install
configure:2499: result: /usr/bin/install -c
configure:2510: checking whether build environment is sane
configure:2565: result: yes
configure:2716: checking for a thread-safe mkdir -p
configure:2755: result: /usr/bin/mkdir -p
configure:2762: checking for gawk
configure:2778: found /usr/bin/gawk
configure:2789: result: gawk
configure:2800: checking whether make sets $(MAKE)
configure:2822: result: yes
configure:2851: checking whether make supports nested variables
configure:2868: result: yes
configure:3055: checking for g++
configure:3071: found /usr/bin/g++
configure:3082: result: g++
configure:3109: checking for C++ compiler version
configure:3118: g++ --version >&5
g++ (SUSE Linux) 7.5.0
Copyright (C) 2017 Free Software Foundation, Inc.
This is free software; see the source for copying conditions.  There is NO
warranty; not even for MERCHANTABILITY or FITNESS FOR A PARTICULAR PURPOSE.

configure:3129: $? = 0
configure:3118: g++ -v >&5
Using built-in specs.
COLLECT_GCC=g++
COLLECT_LTO_WRAPPER=/usr/lib64/gcc/x86_64-suse-linux/7/lto-wrapper
OFFLOAD_TARGET_NAMES=hsa:nvptx-none
Target: x86_64-suse-linux
Configured with: ../configure --prefix=/usr --infodir=/usr/share/info --mandir=/usr/share/man --libdir=/usr/lib64 --libexecdir=/usr/lib64 --enable-languages=c,c++,objc,fortran,obj-c++,ada,go --enable-offload-targets=hsa,nvptx-none=/usr/nvptx-none, --without-cuda-driver --enable-checking=release --disable-werror --with-gxx-include-dir=/usr/include/c++/7 --enable-ssp --disable-libssp --disable-libvtv --disable-libcc1 --disable-plugin --with-bugurl=https://bugs.opensuse.org/ --with-pkgversion='SUSE Linux' --with-slibdir=/lib64 --with-system-zlib --enable-libstdcxx-allocator=new --disable-libstdcxx-pch --enable-version-specific-runtime-libs --with-gcc-major-version-only --enable-linker-build-id --enable-linux-futex --enable-gnu-indirect-function --program-suffix=-7 --without-system-libunwind --enable-multilib --with-arch-32=x86-64 --with-tune=generic --build=x86_64-suse-linux --host=x86_64-suse-linux
Thread model: posix
gcc version 7.5.0 (SUSE Linux) 
configure:3129: $? = 0
configure:3118: g++ -V >&5
g++: error: unrecognized command line option '-V'
g++: fatal error: no input files
compilation terminated.
configure:3129: $? = 1
configure:3118: g++ -qversion >&5
g++: error: unrecognized command line option '-qversion'; did you mean '--version'?
g++: fatal error: no input files
compilation terminated.
configure:3129: $? = 1
configure:3149: checking whether the C++ compiler works
configure:3171: g++    conftest.cpp  >&5
configure:3175: $? = 0
configure:3223: result: yes
configure:3226: checking for C++ compiler default output file name
configure:3228: result: a.out
configure:3234: checking for suffix of executables
configure:3241: g++ -o conftest    conftest.cpp  >&5
configure:3245: $? = 0
configure:3267: result: 
configure:3289: checking whether we are cross compiling
configure:3297: g++ -o conftest    conftest.cpp  >&5
configure:3301: $? = 0
configure:3308: ./conftest
configure:3312: $? = 0
configure:3327: result: no
configure:3332: checking for suffix of object files
configure:3354: g++ -c   conftest.cpp >&5
configure:3358: $? = 0
configure:3379: result: o
configure:3383: checking whether we are using the GNU C++ compiler
configure:3402: g++ -c   conftest.cpp >&5
configure:3402: $? = 0
configure:3411: result: yes
configure:3420: checking whether g++ accepts -g
configure:3440: g++ -c -g  conftest.cpp >&5
configure:3440: $? = 0
configure:3481: result: yes
configure:3515: checking for style of include used by make
configure:3543: result: GNU
configure:3569: checking dependency style of g++
configure:3680: result: gcc3
configure:3724: checking build system type
configure:3738: result: x86_64-pc-linux-gnu
configure:3758: checking host system type
configure:3771: result: x86_64-pc-linux-gnu
configure:3812: checking how to print strings
configure:3839: result: printf
configure:3908: checking for gcc
configure:3924: found /usr/bin/gcc
configure:3935: result: gcc
configure:4164: checking for C compiler version
configure:4173: gcc --version >&5
gcc (SUSE Linux) 7.5.0
Copyright (C) 2017 Free Software Foundation, Inc.
This is free software; see the source for copying conditions.  There is NO
warranty; not even for MERCHANTABILITY or FITNESS FOR A PARTICULAR PURPOSE.

configure:4184: $? = 0
configure:4173: gcc -v >&5
Using built-in specs.
COLLECT_GCC=gcc
COLLECT_LTO_WRAPPER=/usr/lib64/gcc/x86_64-suse-linux/7/lto-wrapper
OFFLOAD_TARGET_NAMES=hsa:nvptx-none
Target: x86_64-suse-linux
Configured with: ../configure --prefix=/usr --infodir=/usr/share/info --mandir=/usr/share/man --libdir=/usr/lib64 --libexecdir=/usr/lib64 --enable-languages=c,c++,objc,fortran,obj-c++,ada,go --enable-offload-targets=hsa,nvptx-none=/usr/nvptx-none, --without-cuda-driver --enable-checking=release --disable-werror --with-gxx-include-dir=/usr/include/c++/7 --enable-ssp --disable-libssp --disable-libvtv --disable-libcc1 --disable-plugin --with-bugurl=https://bugs.opensuse.org/ --with-pkgversion='SUSE Linux' --with-slibdir=/lib64 --with-system-zlib --enable-libstdcxx-allocator=new --disable-libstdcxx-pch --enable-version-specific-runtime-libs --with-gcc-major-version-only --enable-linker-build-id --enable-linux-futex --enable-gnu-indirect-function --program-suffix=-7 --without-system-libunwind --enable-multilib --with-arch-32=x86-64 --with-tune=generic --build=x86_64-suse-linux --host=x86_64-suse-linux
Thread model: posix
gcc version 7.5.0 (SUSE Linux) 
configure:4184: $? = 0
configure:4173: gcc -V >&5
gcc: error: unrecognized command line option '-V'
gcc: fatal error: no input files
compilation terminated.
configure:4184: $? = 1
configure:4173: gcc -qversion >&5
gcc: error: unrecognized command line option '-qversion'; did you mean '--version'?
gcc: fatal error: no input files
compilation terminated.
configure:4184: $? = 1
configure:4188: checking whether we are using the GNU C compiler
configure:4207: gcc -c   conftest.c >&5
configure:4207: $? = 0
configure:4216: result: yes
configure:4225: checking whether gcc accepts -g
configure:4245: gcc -c -g  conftest.c >&5
configure:4245: $? = 0
configure:4286: result: yes
configure:4303: checking for gcc option to accept ISO C89
configure:4366: gcc  -c   conftest.c >&5
configure:4366: $? = 0
configure:4379: result: none needed
configure:4404: checking whether gcc understands -c and -o together
configure:4426: gcc -c conftest.c -o conftest2.o
configure:4429: $? = 0
configure:4426: gcc -c conftest.c -o conftest2.o
configure:4429: $? = 0
configure:4441: result: yes
configure:4460: checking dependency style of gcc
configure:4571: result: gcc3
configure:4586: checking for a sed that does not truncate output
configure:4650: result: /usr/bin/sed
configure:4668: checking for grep that handles long lines and -e
configure:4726: result: /usr/bin/grep
configure:4731: checking for egrep
configure:4793: result: /usr/bin/grep -E
configure:4798: checking for fgrep
configure:4860: result: /usr/bin/grep -F
configure:4895: checking for ld used by gcc
configure:4962: result: /usr/x86_64-suse-linux/bin/ld
configure:4969: checking if the linker (/usr/x86_64-suse-linux/bin/ld) is GNU ld
configure:4984: result: yes
configure:4996: checking for BSD- or MS-compatible name lister (nm)
configure:5050: result: /usr/bin/nm -B
configure:5180: checking the name lister (/usr/bin/nm -B) interface
configure:5187: gcc -c   conftest.c >&5
configure:5190: /usr/bin/nm -B "conftest.o"
configure:5193: output
0000000000000000 B some_variable
configure:5200: result: BSD nm
configure:5203: checking whether ln -s works
configure:5207: result: yes
configure:5215: checking the maximum length of command line arguments
configure:5346: result: 1572864
configure:5394: checking how to convert x86_64-pc-linux-gnu file names to x86_64-pc-linux-gnu format
configure:5434: result: func_convert_file_noop
configure:5441: checking how to convert x86_64-pc-linux-gnu file names to toolchain format
configure:5461: result: func_convert_file_noop
configure:5468: checking for /usr/x86_64-suse-linux/bin/ld option to reload object files
configure:5475: result: -r
configure:5549: checking for objdump
configure:5565: found /usr/bin/objdump
configure:5576: result: objdump
configure:5608: checking how to recognize dependent libraries
configure:5808: result: pass_all
configure:5893: checking for dlltool
configure:5923: result: no
configure:5953: checking how to associate runtime and link libraries
configure:5980: result: printf %s\n
configure:6041: checking for ar
configure:6057: found /usr/bin/ar
configure:6068: result: ar
configure:6105: checking for archiver @FILE support
configure:6122: gcc -c   conftest.c >&5
configure:6122: $? = 0
configure:6125: ar cru libconftest.a @conftest.lst >&5
configure:6128: $? = 0
configure:6133: ar cru libconftest.a @conftest.lst >&5
ar: conftest.o: No such file or directory
configure:6136: $? = 1
configure:6148: result: @
configure:6206: checking for strip
configure:6222: found /usr/bin/strip
configure:6233: result: strip
configure:6305: checking for ranlib
configure:6321: found /usr/bin/ranlib
configure:6332: result: ranlib
configure:6434: checking command to parse /usr/bin/nm -B output from gcc object
configure:6587: gcc -c   conftest.c >&5
configure:6590: $? = 0
configure:6594: /usr/bin/nm -B conftest.o \| sed -n -e 's/^.*[ ]\([ABCDGIRSTW][ABCDGIRSTW]*\)[ ][ ]*\([_A-Za-z][_A-Za-z0-9]*\)$/\1 \2 \2/p' | sed '/ __gnu_lto/d' \> conftest.nm
configure:6597: $? = 0
configure:6663: gcc -o conftest    conftest.c conftstm.o >&5
configure:6666: $? = 0
configure:6704: result: ok
configure:6751: checking for sysroot
configure:6781: result: no
configure:6788: checking for a working dd
configure:6826: result: /usr/bin/dd
configure:6830: checking how to truncate binary pipes
configure:6845: result: /usr/bin/dd bs=4096 count=1
configure:6981: gcc -c   conftest.c >&5
configure:6984: $? = 0
configure:7174: checking for mt
configure:7190: found /usr/bin/mt
configure:7201: result: mt
configure:7224: checking if mt is a manifest tool
configure:7230: mt '-?'
configure:7238: result: no
configure:7915: checking how to run the C preprocessor
configure:7946: gcc -E  conftest.c
configure:7946: $? = 0
configure:7960: gcc -E  conftest.c
conftest.c:11:10: fatal error: ac_nonexistent.h: No such file or directory
 #include <ac_nonexistent.h>
          ^~~~~~~~~~~~~~~~~~
compilation terminated.
configure:7960: $? = 1
configure: failed program was:
| /* confdefs.h */
| #define PACKAGE_NAME ""
| #define PACKAGE_TARNAME ""
| #define PACKAGE_VERSION ""
| #define PACKAGE_STRING ""
| #define PACKAGE_BUGREPORT ""
| #define PACKAGE_URL ""
| #define PACKAGE "BAT"
| #define VERSION "0.9.3"
| /* end confdefs.h.  */
| #include <ac_nonexistent.h>
configure:7985: result: gcc -E
configure:8005: gcc -E  conftest.c
configure:8005: $? = 0
configure:8019: gcc -E  conftest.c
conftest.c:11:10: fatal error: ac_nonexistent.h: No such file or directory
 #include <ac_nonexistent.h>
          ^~~~~~~~~~~~~~~~~~
compilation terminated.
configure:8019: $? = 1
configure: failed program was:
| /* confdefs.h */
| #define PACKAGE_NAME ""
| #define PACKAGE_TARNAME ""
| #define PACKAGE_VERSION ""
| #define PACKAGE_STRING ""
| #define PACKAGE_BUGREPORT ""
| #define PACKAGE_URL ""
| #define PACKAGE "BAT"
| #define VERSION "0.9.3"
| /* end confdefs.h.  */
| #include <ac_nonexistent.h>
configure:8048: checking for ANSI C header files
configure:8068: gcc -c   conftest.c >&5
configure:8068: $? = 0
configure:8141: gcc -o conftest    conftest.c  >&5
configure:8141: $? = 0
configure:8141: ./conftest
configure:8141: $? = 0
configure:8152: result: yes
configure:8165: checking for sys/types.h
configure:8165: gcc -c   conftest.c >&5
configure:8165: $? = 0
configure:8165: result: yes
configure:8165: checking for sys/stat.h
configure:8165: gcc -c   conftest.c >&5
configure:8165: $? = 0
configure:8165: result: yes
configure:8165: checking for stdlib.h
configure:8165: gcc -c   conftest.c >&5
configure:8165: $? = 0
configure:8165: result: yes
configure:8165: checking for string.h
configure:8165: gcc -c   conftest.c >&5
configure:8165: $? = 0
configure:8165: result: yes
configure:8165: checking for memory.h
configure:8165: gcc -c   conftest.c >&5
configure:8165: $? = 0
configure:8165: result: yes
configure:8165: checking for strings.h
configure:8165: gcc -c   conftest.c >&5
configure:8165: $? = 0
configure:8165: result: yes
configure:8165: checking for inttypes.h
configure:8165: gcc -c   conftest.c >&5
configure:8165: $? = 0
configure:8165: result: yes
configure:8165: checking for stdint.h
configure:8165: gcc -c   conftest.c >&5
configure:8165: $? = 0
configure:8165: result: yes
configure:8165: checking for unistd.h
configure:8165: gcc -c   conftest.c >&5
configure:8165: $? = 0
configure:8165: result: yes
configure:8179: checking for dlfcn.h
configure:8179: gcc -c   conftest.c >&5
configure:8179: $? = 0
configure:8179: result: yes
configure:8446: checking for objdir
configure:8461: result: .libs
configure:8721: checking if gcc supports -fno-rtti -fno-exceptions
configure:8739: gcc -c   -fno-rtti -fno-exceptions conftest.c >&5
cc1: warning: command line option '-fno-rtti' is valid for C++/ObjC++ but not for C
configure:8743: $? = 0
configure:8756: result: no
configure:9114: checking for gcc option to produce PIC
configure:9121: result: -fPIC -DPIC
configure:9129: checking if gcc PIC flag -fPIC -DPIC works
configure:9147: gcc -c   -fPIC -DPIC -DPIC conftest.c >&5
configure:9151: $? = 0
configure:9164: result: yes
configure:9193: checking if gcc static flag -static works
configure:9221: result: no
configure:9236: checking if gcc supports -c -o file.o
configure:9257: gcc -c   -o out/conftest2.o conftest.c >&5
configure:9261: $? = 0
configure:9283: result: yes
configure:9291: checking if gcc supports -c -o file.o
configure:9338: result: yes
configure:9371: checking whether the gcc linker (/usr/x86_64-suse-linux/bin/ld -m elf_x86_64) supports shared libraries
configure:10630: result: yes
configure:10667: checking whether -lc should be explicitly linked in
configure:10675: gcc -c   conftest.c >&5
configure:10678: $? = 0
configure:10693: gcc -shared  -fPIC -DPIC conftest.o  -v -Wl,-soname -Wl,conftest -o conftest 2\>\&1 \| /usr/bin/grep  -lc  \>/dev/null 2\>\&1
configure:10696: $? = 0
configure:10710: result: no
configure:10870: checking dynamic linker characteristics
configure:11451: gcc -o conftest    -Wl,-rpath -Wl,/foo conftest.c  >&5
configure:11451: $? = 0
configure:11688: result: GNU/Linux ld.so
configure:11810: checking how to hardcode library paths into programs
configure:11835: result: immediate
configure:12383: checking whether stripping libraries is possible
configure:12388: result: yes
configure:12423: checking if libtool supports shared libraries
configure:12425: result: yes
configure:12428: checking whether to build shared libraries
configure:12453: result: yes
configure:12456: checking whether to build static libraries
configure:12460: result: yes
configure:12483: checking how to run the C++ preprocessor
configure:12510: g++ -E  conftest.cpp
configure:12510: $? = 0
configure:12524: g++ -E  conftest.cpp
conftest.cpp:23:10: fatal error: ac_nonexistent.h: No such file or directory
 #include <ac_nonexistent.h>
          ^~~~~~~~~~~~~~~~~~
compilation terminated.
configure:12524: $? = 1
configure: failed program was:
| /* confdefs.h */
| #define PACKAGE_NAME ""
| #define PACKAGE_TARNAME ""
| #define PACKAGE_VERSION ""
| #define PACKAGE_STRING ""
| #define PACKAGE_BUGREPORT ""
| #define PACKAGE_URL ""
| #define PACKAGE "BAT"
| #define VERSION "0.9.3"
| #define STDC_HEADERS 1
| #define HAVE_SYS_TYPES_H 1
| #define HAVE_SYS_STAT_H 1
| #define HAVE_STDLIB_H 1
| #define HAVE_STRING_H 1
| #define HAVE_MEMORY_H 1
| #define HAVE_STRINGS_H 1
| #define HAVE_INTTYPES_H 1
| #define HAVE_STDINT_H 1
| #define HAVE_UNISTD_H 1
| #define HAVE_DLFCN_H 1
| #define LT_OBJDIR ".libs/"
| /* end confdefs.h.  */
| #include <ac_nonexistent.h>
configure:12549: result: g++ -E
configure:12569: g++ -E  conftest.cpp
configure:12569: $? = 0
configure:12583: g++ -E  conftest.cpp
conftest.cpp:23:10: fatal error: ac_nonexistent.h: No such file or directory
 #include <ac_nonexistent.h>
          ^~~~~~~~~~~~~~~~~~
compilation terminated.
configure:12583: $? = 1
configure: failed program was:
| /* confdefs.h */
| #define PACKAGE_NAME ""
| #define PACKAGE_TARNAME ""
| #define PACKAGE_VERSION ""
| #define PACKAGE_STRING ""
| #define PACKAGE_BUGREPORT ""
| #define PACKAGE_URL ""
| #define PACKAGE "BAT"
| #define VERSION "0.9.3"
| #define STDC_HEADERS 1
| #define HAVE_SYS_TYPES_H 1
| #define HAVE_SYS_STAT_H 1
| #define HAVE_STDLIB_H 1
| #define HAVE_STRING_H 1
| #define HAVE_MEMORY_H 1
| #define HAVE_STRINGS_H 1
| #define HAVE_INTTYPES_H 1
| #define HAVE_STDINT_H 1
| #define HAVE_UNISTD_H 1
| #define HAVE_DLFCN_H 1
| #define LT_OBJDIR ".libs/"
| /* end confdefs.h.  */
| #include <ac_nonexistent.h>
configure:12745: checking for ld used by g++
configure:12812: result: /usr/x86_64-suse-linux/bin/ld -m elf_x86_64
configure:12819: checking if the linker (/usr/x86_64-suse-linux/bin/ld -m elf_x86_64) is GNU ld
configure:12834: result: yes
configure:12889: checking whether the g++ linker (/usr/x86_64-suse-linux/bin/ld -m elf_x86_64) supports shared libraries
configure:13962: result: yes
configure:13998: g++ -c   conftest.cpp >&5
configure:14001: $? = 0
configure:14482: checking for g++ option to produce PIC
configure:14489: result: -fPIC -DPIC
configure:14497: checking if g++ PIC flag -fPIC -DPIC works
configure:14515: g++ -c   -fPIC -DPIC -DPIC conftest.cpp >&5
configure:14519: $? = 0
configure:14532: result: yes
configure:14555: checking if g++ static flag -static works
configure:14583: result: no
configure:14595: checking if g++ supports -c -o file.o
configure:14616: g++ -c   -o out/conftest2.o conftest.cpp >&5
configure:14620: $? = 0
configure:14642: result: yes
configure:14647: checking if g++ supports -c -o file.o
configure:14694: result: yes
configure:14724: checking whether the g++ linker (/usr/x86_64-suse-linux/bin/ld -m elf_x86_64) supports shared libraries
configure:14764: result: yes
configure:14905: checking dynamic linker characteristics
configure:15650: result: GNU/Linux ld.so
configure:15715: checking how to hardcode library paths into programs
configure:15740: result: immediate
configure:15801: checking for ANSI C header files
configure:15905: result: yes
configure:15919: checking for utime.h
configure:15919: gcc -c   conftest.c >&5
configure:15919: $? = 0
configure:15919: result: yes
configure:15933: checking whether utime accepts a null argument
configure:15962: gcc -o conftest    conftest.c  >&5
configure:15962: $? = 0
configure:15962: ./conftest
configure:15962: $? = 0
configure:15972: result: yes
configure:16243: checking for root-config
configure:16261: found /app/cern/root_v5.34.38/bin/root-config
configure:16274: result: /app/cern/root_v5.34.38/bin/root-config
configure:16284: checking for root
configure:16302: found /app/cern/root_v5.34.38/bin/root
configure:16315: result: /app/cern/root_v5.34.38/bin/root
configure:16325: checking for rootcint
configure:16343: found /app/cern/root_v5.34.38/bin/rootcint
configure:16356: result: /app/cern/root_v5.34.38/bin/rootcint
configure:16379: checking whether ROOT version >= 5.22
configure:16389: result: yes
configure:16636: checking that generated files are newer than configure
configure:16642: result: done
configure:16693: creating ./config.status

## ---------------------- ##
## Running config.status. ##
## ---------------------- ##

This file was extended by config.status, which was
generated by GNU Autoconf 2.69.  Invocation command line was

  CONFIG_FILES    = 
  CONFIG_HEADERS  = 
  CONFIG_LINKS    = 
  CONFIG_COMMANDS = 
  $ ./config.status 

on farm-ui

config.status:1197: creating Makefile
config.status:1197: creating src/Makefile
config.status:1197: creating models/base/Makefile
config.status:1197: creating models/mtf/Makefile
config.status:1197: creating models/mvc/Makefile
config.status:1197: creating benchmarks/test/Makefile
config.status:1197: creating examples/Makefile
config.status:1197: creating examples/basic/binomial/Makefile
config.status:1197: creating examples/basic/combination1d/Makefile
config.status:1197: creating examples/basic/combination2d/Makefile
config.status:1197: creating examples/basic/errorpropagation/Makefile
config.status:1197: creating examples/basic/poisson/Makefile
config.status:1197: creating examples/basic/rootOutput/Makefile
config.status:1197: creating examples/advanced/polynomialfit/Makefile
config.status:1197: creating examples/advanced/roointerface/Makefile
config.status:1197: creating examples/advanced/mtf/systematics/Makefile
config.status:1197: creating examples/advanced/mvc/PPP/Makefile
config.status:1197: creating examples/advanced/mvc/oneObservable/Makefile
config.status:1197: creating examples/advanced/mvc/nuisance/Makefile
config.status:1197: creating examples/advanced/mvc/inverseProblem/Makefile
config.status:1197: creating examples/advanced/mvc/constraints/Makefile
config.status:1197: creating examples/advanced/referencecounting/Makefile
config.status:1197: creating examples/expert/TrialFunction/Makefile
config.status:1197: creating tools/CreateProject.sh
config.status:1197: creating config.h
config.status:1378: config.h is unchanged
config.status:1426: executing depfiles commands
config.status:1426: executing libtool commands
config.status:1426: executing default commands

## ---------------- ##
## Cache variables. ##
## ---------------- ##

ac_cv_build=x86_64-pc-linux-gnu
ac_cv_c_compiler_gnu=yes
ac_cv_cxx_compiler_gnu=yes
ac_cv_env_CCC_set=
ac_cv_env_CCC_value=
ac_cv_env_CC_set=
ac_cv_env_CC_value=
ac_cv_env_CFLAGS_set=
ac_cv_env_CFLAGS_value=
ac_cv_env_CPPFLAGS_set=
ac_cv_env_CPPFLAGS_value=
ac_cv_env_CPP_set=
ac_cv_env_CPP_value=
ac_cv_env_CXXCPP_set=
ac_cv_env_CXXCPP_value=
ac_cv_env_CXXFLAGS_set=
ac_cv_env_CXXFLAGS_value=
ac_cv_env_CXX_set=
ac_cv_env_CXX_value=
ac_cv_env_LDFLAGS_set=
ac_cv_env_LDFLAGS_value=
ac_cv_env_LIBS_set=
ac_cv_env_LIBS_value=
ac_cv_env_LT_SYS_LIBRARY_PATH_set=
ac_cv_env_LT_SYS_LIBRARY_PATH_value=
ac_cv_env_build_alias_set=
ac_cv_env_build_alias_value=
ac_cv_env_host_alias_set=
ac_cv_env_host_alias_value=
ac_cv_env_target_alias_set=
ac_cv_env_target_alias_value=
ac_cv_func_utime_null=yes
ac_cv_header_dlfcn_h=yes
ac_cv_header_inttypes_h=yes
ac_cv_header_memory_h=yes
ac_cv_header_stdc=yes
ac_cv_header_stdint_h=yes
ac_cv_header_stdlib_h=yes
ac_cv_header_string_h=yes
ac_cv_header_strings_h=yes
ac_cv_header_sys_stat_h=yes
ac_cv_header_sys_types_h=yes
ac_cv_header_unistd_h=yes
ac_cv_header_utime_h=yes
ac_cv_host=x86_64-pc-linux-gnu
ac_cv_objext=o
ac_cv_path_EGREP='/usr/bin/grep -E'
ac_cv_path_FGREP='/usr/bin/grep -F'
ac_cv_path_GREP=/usr/bin/grep
ac_cv_path_ROOTCINT=/app/cern/root_v5.34.38/bin/rootcint
ac_cv_path_ROOTCONF=/app/cern/root_v5.34.38/bin/root-config
ac_cv_path_ROOTEXEC=/app/cern/root_v5.34.38/bin/root
ac_cv_path_SED=/usr/bin/sed
ac_cv_path_install='/usr/bin/install -c'
ac_cv_path_lt_DD=/usr/bin/dd
ac_cv_path_mkdir=/usr/bin/mkdir
ac_cv_prog_AWK=gawk
ac_cv_prog_CPP='gcc -E'
ac_cv_prog_CXXCPP='g++ -E'
ac_cv_prog_ac_ct_AR=ar
ac_cv_prog_ac_ct_CC=gcc
ac_cv_prog_ac_ct_CXX=g++
ac_cv_prog_ac_ct_MANIFEST_TOOL=mt
ac_cv_prog_ac_ct_OBJDUMP=objdump
ac_cv_prog_ac_ct_RANLIB=ranlib
ac_cv_prog_ac_ct_STRIP=strip
ac_cv_prog_cc_c89=
ac_cv_prog_cc_g=yes
ac_cv_prog_cxx_g=yes
ac_cv_prog_make_make_set=yes
am_cv_CC_dependencies_compiler_type=gcc3
am_cv_CXX_dependencies_compiler_type=gcc3
am_cv_make_support_nested_variables=yes
am_cv_prog_cc_c_o=yes
lt_cv_ar_at_file=@
lt_cv_archive_cmds_need_lc=no
lt_cv_deplibs_check_method=pass_all
lt_cv_file_magic_cmd='$MAGIC_CMD'
lt_cv_file_magic_test_file=
lt_cv_ld_reload_flag=-r
lt_cv_nm_interface='BSD nm'
lt_cv_objdir=.libs
lt_cv_path_LD=/usr/x86_64-suse-linux/bin/ld
lt_cv_path_LDCXX='/usr/x86_64-suse-linux/bin/ld -m elf_x86_64'
lt_cv_path_NM='/usr/bin/nm -B'
lt_cv_path_mainfest_tool=no
lt_cv_prog_compiler_c_o=yes
lt_cv_prog_compiler_c_o_CXX=yes
lt_cv_prog_compiler_pic='-fPIC -DPIC'
lt_cv_prog_compiler_pic_CXX='-fPIC -DPIC'
lt_cv_prog_compiler_pic_works=yes
lt_cv_prog_compiler_pic_works_CXX=yes
lt_cv_prog_compiler_rtti_exceptions=no
lt_cv_prog_compiler_static_works=no
lt_cv_prog_compiler_static_works_CXX=no
lt_cv_prog_gnu_ld=yes
lt_cv_prog_gnu_ldcxx=yes
lt_cv_sharedlib_from_linklib_cmd='printf %s\n'
lt_cv_shlibpath_overrides_runpath=yes
lt_cv_sys_global_symbol_pipe='sed -n -e '\''s/^.*[	 ]\([ABCDGIRSTW][ABCDGIRSTW]*\)[	 ][	 ]*\([_A-Za-z][_A-Za-z0-9]*\)$/\1 \2 \2/p'\'' | sed '\''/ __gnu_lto/d'\'''
lt_cv_sys_global_symbol_to_c_name_address='sed -n -e '\''s/^: \(.*\) .*$/  {"\1", (void *) 0},/p'\'' -e '\''s/^[ABCDGIRSTW][ABCDGIRSTW]* .* \(.*\)$/  {"\1", (void *) \&\1},/p'\'''
lt_cv_sys_global_symbol_to_c_name_address_lib_prefix='sed -n -e '\''s/^: \(.*\) .*$/  {"\1", (void *) 0},/p'\'' -e '\''s/^[ABCDGIRSTW][ABCDGIRSTW]* .* \(lib.*\)$/  {"\1", (void *) \&\1},/p'\'' -e '\''s/^[ABCDGIRSTW][ABCDGIRSTW]* .* \(.*\)$/  {"lib\1", (void *) \&\1},/p'\'''
lt_cv_sys_global_symbol_to_cdecl='sed -n -e '\''s/^T .* \(.*\)$/extern int \1();/p'\'' -e '\''s/^[ABCDGIRSTW][ABCDGIRSTW]* .* \(.*\)$/extern char \1;/p'\'''
lt_cv_sys_global_symbol_to_import=
lt_cv_sys_max_cmd_len=1572864
lt_cv_to_host_file_cmd=func_convert_file_noop
lt_cv_to_tool_file_cmd=func_convert_file_noop
lt_cv_truncate_bin='/usr/bin/dd bs=4096 count=1'

## ----------------- ##
## Output variables. ##
## ----------------- ##

ACLOCAL='${SHELL} /disk/bulk_atp/gator/BAT-0.9.3/missing aclocal-1.15'
AMDEPBACKSLASH='\'
AMDEP_FALSE='#'
AMDEP_TRUE=''
AMTAR='$${TAR-tar}'
AM_BACKSLASH='\'
AM_DEFAULT_V='$(AM_DEFAULT_VERBOSITY)'
AM_DEFAULT_VERBOSITY='1'
AM_V='$(V)'
AR='ar'
AUTOCONF='${SHELL} /disk/bulk_atp/gator/BAT-0.9.3/missing autoconf'
AUTOHEADER='${SHELL} /disk/bulk_atp/gator/BAT-0.9.3/missing autoheader'
AUTOMAKE='${SHELL} /disk/bulk_atp/gator/BAT-0.9.3/missing automake-1.15'
AWK='gawk'
CC='gcc'
CCDEPMODE='depmode=gcc3'
CFLAGS=''
CPP='gcc -E'
CPPFLAGS=''
CUBAINCLUDE=''
CUBALIB=''
CUBA_FALSE=''
CUBA_TRUE='#'
CXX='g++'
CXXCPP='g++ -E'
CXXDEPMODE='depmode=gcc3'
CXXFLAGS=''
CYGPATH_W='echo'
DEBUG_FALSE=''
DEBUG_TRUE='#'
DEFS='-DHAVE_CONFIG_H'
DEPDIR='.deps'
DLLTOOL='false'
DSYMUTIL=''
DUMPBIN=''
ECHO_C=''
ECHO_N='-n'
ECHO_T=''
EGREP='/usr/bin/grep -E'
EXEEXT=''
FGREP='/usr/bin/grep -F'
GREP='/usr/bin/grep'
INSTALL_DATA='${INSTALL} -m 644'
INSTALL_PROGRAM='${INSTALL}'
INSTALL_SCRIPT='${INSTALL}'
INSTALL_STRIP_PROGRAM='$(install_sh) -c -s'
IS_DARWIN_FALSE=''
IS_DARWIN_TRUE='#'
LD='/usr/x86_64-suse-linux/bin/ld -m elf_x86_64'
LDFLAGS=''
LIBOBJS=''
LIBS=''
LIBTOOL='$(SHELL) $(top_builddir)/libtool'
LIPO=''
LN_S='ln -s'
LTLIBOBJS=''
LT_SYS_LIBRARY_PATH=''
MAKEINFO='${SHELL} /disk/bulk_atp/gator/BAT-0.9.3/missing makeinfo'
MANIFEST_TOOL=':'
MKDIR_P='/usr/bin/mkdir -p'
NM='/usr/bin/nm -B'
NMEDIT=''
OBJDUMP='objdump'
OBJEXT='o'
OTOOL64=''
OTOOL=''
PACKAGE='BAT'
PACKAGE_BUGREPORT=''
PACKAGE_NAME=''
PACKAGE_STRING=''
PACKAGE_TARNAME=''
PACKAGE_URL=''
PACKAGE_VERSION=''
PATH_SEPARATOR=':'
RANLIB='ranlib'
ROOSTATS_FALSE=''
ROOSTATS_TRUE='#'
ROOTAUXCFLAGS='-pthread -m64'
ROOTAUXLIBS='-pthread -lm -ldl -rdynamic'
ROOTCFLAGS='-I/app/cern/root_v5.34.38/include'
ROOTCINT='/app/cern/root_v5.34.38/bin/rootcint'
ROOTCONF='/app/cern/root_v5.34.38/bin/root-config'
ROOTEXEC='/app/cern/root_v5.34.38/bin/root'
ROOTGLIBS='-lGui -lCore -lCint -lRIO -lNet -lHist -lGraf -lGraf3d -lGpad -lTree -lRint -lPostscript -lMatrix -lPhysics -lMathCore -lThread'
ROOTINCDIR='/app/cern/root_v5.34.38/include'
ROOTLIBDIR='/app/cern/root_v5.34.38/lib'
ROOTLIBS='-lCore -lCint -lRIO -lNet -lHist -lGraf -lGraf3d -lGpad -lTree -lRint -lPostscript -lMatrix -lPhysics -lMathCore -lThread -lMathMore -lMinuit'
ROOTRPATH='/app/cern/root_v5.34.38/lib'
SED='/usr/bin/sed'
SET_MAKE=''
SHELL='/bin/sh'
STRIP='strip'
THREAD_PARALLELIZATION_FALSE=''
THREAD_PARALLELIZATION_TRUE='#'
VERSION='0.9.3'
ac_ct_AR='ar'
ac_ct_CC='gcc'
ac_ct_CXX='g++'
ac_ct_DUMPBIN=''
am__EXEEXT_FALSE=''
am__EXEEXT_TRUE='#'
am__fastdepCC_FALSE='#'
am__fastdepCC_TRUE=''
am__fastdepCXX_FALSE='#'
am__fastdepCXX_TRUE=''
am__include='include'
am__isrc=''
am__leading_dot='.'
am__nodep='_no'
am__quote=''
am__tar='$${TAR-tar} chof - "$$tardir"'
am__untar='$${TAR-tar} xf -'
bindir='${exec_prefix}/bin'
build='x86_64-pc-linux-gnu'
build_alias=''
build_cpu='x86_64'
build_os='linux-gnu'
build_vendor='pc'
datadir='${datarootdir}'
datarootdir='${prefix}/share'
docdir='${datarootdir}/doc/${PACKAGE}'
dvidir='${docdir}'
exec_prefix='${prefix}'
host='x86_64-pc-linux-gnu'
host_alias=''
host_cpu='x86_64'
host_os='linux-gnu'
host_vendor='pc'
htmldir='${docdir}'
includedir='${prefix}/include'
infodir='${datarootdir}/info'
install_sh='${SHELL} /disk/bulk_atp/gator/BAT-0.9.3/install-sh'
libdir='${exec_prefix}/lib64'
libexecdir='${exec_prefix}/lib'
localedir='${datarootdir}/locale'
localstatedir='${prefix}/var'
mandir='${datarootdir}/man'
mkdir_p='$(MKDIR_P)'
oldincludedir='/usr/include'
pdfdir='${docdir}'
prefix='/disk/bulk_atp/gator/BAT-0.9.3'
program_transform_name='s,x,x,'
psdir='${docdir}'
sbindir='${exec_prefix}/sbin'
sharedstatedir='${prefix}/com'
sysconfdir='${prefix}/etc'
target_alias=''

## ----------- ##
## confdefs.h. ##
## ----------- ##

/* confdefs.h */
#define PACKAGE_NAME ""
#define PACKAGE_TARNAME ""
#define PACKAGE_VERSION ""
#define PACKAGE_STRING ""
#define PACKAGE_BUGREPORT ""
#define PACKAGE_URL ""
#define PACKAGE "BAT"
#define VERSION "0.9.3"
#define STDC_HEADERS 1
#define HAVE_SYS_TYPES_H 1
#define HAVE_SYS_STAT_H 1
#define HAVE_STDLIB_H 1
#define HAVE_STRING_H 1
#define HAVE_MEMORY_H 1
#define HAVE_STRINGS_H 1
#define HAVE_INTTYPES_H 1
#define HAVE_STDINT_H 1
#define HAVE_UNISTD_H 1
#define HAVE_DLFCN_H 1
#define LT_OBJDIR ".libs/"
#define STDC_HEADERS 1
#define HAVE_UTIME_H 1
#define HAVE_UTIME_NULL 1
#define THREAD_PARALLELIZATION 0

configure: exit 0

## ---------------------- ##
## Running config.status. ##
## ---------------------- ##

This file was extended by config.status, which was
generated by GNU Autoconf 2.69.  Invocation command line was

  CONFIG_FILES    = 
  CONFIG_HEADERS  = 
  CONFIG_LINKS    = 
  CONFIG_COMMANDS = 
  $ ./config.status config.h

on farm-ui

config.status:1197: creating config.h
config.status:1378: config.h is unchanged
