Number of lines to be analyzed: 24

234Th line at 92.6 keV:
Background:
 MCA center = 559.614
 MCA sigma = 2.55456
 Left compton region = (544.287,551.951) --> 7.66368 chs
 Left compton counts = 17.3522
 Signal region = (551.951,567.278) --> 15.3274 chs
 Signal region counts = 44.9226
 Right compton region = (567.278,574.942) --> 7.66368 chs
 Right compton counts = 24.0547
 Estimated Compton counts in signal region = 41.4069 +- 6.43482
 Estimated line net counts = 3.51565 +- 9.29137
 Background detection limit = 34.7081
------------
Sample:
 MCA center = 559.614
 MCA sigma = 2.55456
 Left compton region = (544.287,551.951) --> 7.66368 chs
 Left compton counts = 98.0012
 Signal region = (551.951,567.278) --> 15.3274 chs
 Signal region counts = 175.595
 Right compton region = (567.278,574.942) --> 7.66368 chs
 Right compton counts = 107.306
 Estimated Compton counts in signal region = 205.307 +- 14.3285
 Estimated net line counts = -29.7113 +- 19.5167
 Sample detection limit = 72.8707
------------


235U line at 185.72 keV:
Background:
 MCA center = 1124.87
 MCA sigma = 2.77888
 Left compton region = (1108.2,1116.54) --> 8.33664 chs
 Left compton counts = 30.2089
 Signal region = (1116.54,1133.21) --> 16.6733 chs
 Signal region counts = 78.0229
 Right compton region = (1133.21,1141.55) --> 8.33664 chs
 Right compton counts = 22.3953
 Estimated Compton counts in signal region = 52.6043 +- 7.25288
 Estimated line net counts = 25.4186 +- 11.4292
 Background detection limit = 38.6352
------------
Sample:
 MCA center = 1124.87
 MCA sigma = 2.77888
 Left compton region = (1108.2,1116.54) --> 8.33664 chs
 Left compton counts = 124.173
 Signal region = (1116.54,1133.21) --> 16.6733 chs
 Signal region counts = 288.65
 Right compton region = (1133.21,1141.55) --> 8.33664 chs
 Right compton counts = 122.336
 Estimated Compton counts in signal region = 246.51 +- 15.7006
 Estimated net line counts = 42.14 +- 23.1335
 Sample detection limit = 79.5327
------------


212Pb line at 238.632 keV:
Background:
 MCA center = 1446.06
 MCA sigma = 2.89929
 Left compton region = (1428.66,1437.36) --> 8.69788 chs
 Left compton counts = 22.6984
 Signal region = (1437.36,1454.75) --> 17.3958 chs
 Signal region counts = 72.928
 Right compton region = (1454.75,1463.45) --> 8.69788 chs
 Right compton counts = 21.1672
 Estimated Compton counts in signal region = 43.8656 +- 6.62311
 Estimated line net counts = 29.0623 +- 10.8071
 Background detection limit = 35.6108
------------
Sample:
 MCA center = 1446.06
 MCA sigma = 2.89929
 Left compton region = (1428.66,1437.36) --> 8.69788 chs
 Left compton counts = 117.376
 Signal region = (1437.36,1454.75) --> 17.3958 chs
 Signal region counts = 288.84
 Right compton region = (1454.75,1463.45) --> 8.69788 chs
 Right compton counts = 147.321
 Estimated Compton counts in signal region = 264.697 +- 16.2695
 Estimated net line counts = 24.1428 +- 23.5274
 Sample detection limit = 82.2958
------------


214Pb line at 295.224 keV:
Background:
 MCA center = 1789.58
 MCA sigma = 3.02325
 Left compton region = (1771.44,1780.51) --> 9.06976 chs
 Left compton counts = 12.8455
 Signal region = (1780.51,1798.65) --> 18.1395 chs
 Signal region counts = 44.9103
 Right compton region = (1798.65,1807.72) --> 9.06976 chs
 Right compton counts = 16.2442
 Estimated Compton counts in signal region = 29.0897 +- 5.39349
 Estimated line net counts = 15.8206 +- 8.60233
 Background detection limit = 29.7333
------------
Sample:
 MCA center = 1789.58
 MCA sigma = 3.02325
 Left compton region = (1771.44,1780.51) --> 9.06976 chs
 Left compton counts = 67.7419
 Signal region = (1780.51,1798.65) --> 18.1395 chs
 Signal region counts = 204.858
 Right compton region = (1798.65,1807.72) --> 9.06976 chs
 Right compton counts = 65.3516
 Estimated Compton counts in signal region = 133.093 +- 11.5366
 Estimated net line counts = 71.7642 +- 18.3834
 Sample detection limit = 59.3296
 Line detected! 
------------


228Ac line at 338.32 keV:
Background:
 MCA center = 2051.17
 MCA sigma = 3.11447
 Left compton region = (2032.48,2041.83) --> 9.34342 chs
 Left compton counts = 14.9526
 Signal region = (2041.83,2060.51) --> 18.6868 chs
 Signal region counts = 25.9691
 Right compton region = (2060.51,2069.86) --> 9.34342 chs
 Right compton counts = 15.032
 Estimated Compton counts in signal region = 29.9845 +- 5.47581
 Estimated line net counts = -4.01547 +- 7.48021
 Background detection limit = 30.1253
------------
Sample:
 MCA center = 2051.17
 MCA sigma = 3.11447
 Left compton region = (2032.48,2041.83) --> 9.34342 chs
 Left compton counts = 61.8943
 Signal region = (2041.83,2060.51) --> 18.6868 chs
 Signal region counts = 148.08
 Right compton region = (2060.51,2069.86) --> 9.34342 chs
 Right compton counts = 51.0485
 Estimated Compton counts in signal region = 112.943 +- 10.6275
 Estimated net line counts = 35.1377 +- 16.1562
 Sample detection limit = 54.9264
------------


214Pb line at 351.932 keV:
Background:
 MCA center = 2133.8
 MCA sigma = 3.1428
 Left compton region = (2114.94,2124.37) --> 9.4284 chs
 Left compton counts = 20.3558
 Signal region = (2124.37,2143.23) --> 18.8568 chs
 Signal region counts = 46.8622
 Right compton region = (2143.23,2152.65) --> 9.4284 chs
 Right compton counts = 10.6442
 Estimated Compton counts in signal region = 31 +- 5.56776
 Estimated line net counts = 15.8622 +- 8.82396
 Background detection limit = 30.5634
------------
Sample:
 MCA center = 2133.8
 MCA sigma = 3.1428
 Left compton region = (2114.94,2124.37) --> 9.4284 chs
 Left compton counts = 65.274
 Signal region = (2124.37,2143.23) --> 18.8568 chs
 Signal region counts = 265.942
 Right compton region = (2143.23,2152.65) --> 9.4284 chs
 Right compton counts = 52.0702
 Estimated Compton counts in signal region = 117.344 +- 10.8326
 Estimated net line counts = 148.598 +- 19.5777
 Sample detection limit = 55.9194
 Line detected! 
------------


208Tl line at 583.187 keV:
Background:
 MCA center = 3537.49
 MCA sigma = 3.59378
 Left compton region = (3515.93,3526.71) --> 10.7814 chs
 Left compton counts = 3
 Signal region = (3526.71,3548.28) --> 21.5627 chs
 Signal region counts = 11.4929
 Right compton region = (3548.28,3559.06) --> 10.7814 chs
 Right compton counts = 2.05689
 Estimated Compton counts in signal region = 5.05689 +- 2.24875
 Estimated line net counts = 6.43597 +- 4.06814
 Background detection limit = 15.1965
------------
Sample:
 MCA center = 3537.49
 MCA sigma = 3.59378
 Left compton region = (3515.93,3526.71) --> 10.7814 chs
 Left compton counts = 27.0479
 Signal region = (3526.71,3548.28) --> 21.5627 chs
 Signal region counts = 109.043
 Right compton region = (3548.28,3559.06) --> 10.7814 chs
 Right compton counts = 26.0286
 Estimated Compton counts in signal region = 53.0765 +- 7.28536
 Estimated net line counts = 55.9661 +- 12.7326
 Sample detection limit = 38.7914
 Line detected! 
------------


214Bi line at 609.312 keV:
Background:
 MCA center = 3696.07
 MCA sigma = 3.64161
 Left compton region = (3674.22,3685.14) --> 10.9248 chs
 Left compton counts = 2.55704
 Signal region = (3685.14,3706.99) --> 21.8497 chs
 Signal region counts = 33
 Right compton region = (3706.99,3717.92) --> 10.9248 chs
 Right compton counts = 2
 Estimated Compton counts in signal region = 4.55704 +- 2.13472
 Estimated line net counts = 28.443 +- 6.12838
 Background detection limit = 14.7063
 Background detected! 
------------
Sample:
 MCA center = 3696.07
 MCA sigma = 3.64161
 Left compton region = (3674.22,3685.14) --> 10.9248 chs
 Left compton counts = 28.6624
 Signal region = (3685.14,3706.99) --> 21.8497 chs
 Signal region counts = 260.114
 Right compton region = (3706.99,3717.92) --> 10.9248 chs
 Right compton counts = 23.3603
 Estimated Compton counts in signal region = 52.0228 +- 7.21268
 Estimated net line counts = 185.337 +- 18.335
 Sample detection limit = 45.354
 Line detected! 
------------


137Cs line at 661.657 keV:
Background:
 MCA center = 4013.79
 MCA sigma = 3.73593
 Left compton region = (3991.37,4002.58) --> 11.2078 chs
 Left compton counts = 1
 Signal region = (4002.58,4025) --> 22.4156 chs
 Signal region counts = 15
 Right compton region = (4025,4036.21) --> 11.2078 chs
 Right compton counts = 2
 Estimated Compton counts in signal region = 3 +- 1.73205
 Estimated line net counts = 12 +- 4.24264
 Background detection limit = 13.0289
------------
Sample:
 MCA center = 4013.79
 MCA sigma = 3.73593
 Left compton region = (3991.37,4002.58) --> 11.2078 chs
 Left compton counts = 18.9725
 Signal region = (4002.58,4025) --> 22.4156 chs
 Signal region counts = 100.174
 Right compton region = (4025,4036.21) --> 11.2078 chs
 Right compton counts = 29.4519
 Estimated Compton counts in signal region = 48.4244 +- 6.95877
 Estimated net line counts = 51.7491 +- 12.1901
 Sample detection limit = 37.2218
 Line detected! 
------------


54Mn line at 834.838 keV:
Background:
 MCA center = 5064.94
 MCA sigma = 4.03412
 Left compton region = (5040.73,5052.84) --> 12.1024 chs
 Left compton counts = 2
 Signal region = (5052.84,5077.04) --> 24.2047 chs
 Signal region counts = 6.35121
 Right compton region = (5077.04,5089.14) --> 12.1024 chs
 Right compton counts = 5.1031
 Estimated Compton counts in signal region = 7.1031 +- 2.66516
 Estimated line net counts = -0.751897 +- 3.66801
 Background detection limit = 17.0275
------------
Sample:
 MCA center = 5064.94
 MCA sigma = 4.03412
 Left compton region = (5040.73,5052.84) --> 12.1024 chs
 Left compton counts = 19.9774
 Signal region = (5052.84,5077.04) --> 24.2047 chs
 Signal region counts = 88.2062
 Right compton region = (5077.04,5089.14) --> 12.1024 chs
 Right compton counts = 20.1031
 Estimated Compton counts in signal region = 40.0805 +- 6.33092
 Estimated net line counts = 48.1257 +- 11.3264
 Sample detection limit = 34.2103
 Line detected! 
------------


46Sc line at 889.271 keV:
Background:
 MCA center = 5395.32
 MCA sigma = 4.12412
 Left compton region = (5370.58,5382.95) --> 12.3724 chs
 Left compton counts = 1.37312
 Signal region = (5382.95,5407.7) --> 24.7447 chs
 Signal region counts = 1.72104
 Right compton region = (5407.7,5420.07) --> 12.3724 chs
 Right compton counts = 0
 Estimated Compton counts in signal region = 1.37312 +- 1.1718
 Estimated line net counts = 0.347915 +- 1.75902
 Background detection limit = 10.9112
------------
Sample:
 MCA center = 5395.32
 MCA sigma = 4.12412
 Left compton region = (5370.58,5382.95) --> 12.3724 chs
 Left compton counts = 16.5831
 Signal region = (5382.95,5407.7) --> 24.7447 chs
 Signal region counts = 41.6304
 Right compton region = (5407.7,5420.07) --> 12.3724 chs
 Right compton counts = 13.7715
 Estimated Compton counts in signal region = 30.3546 +- 5.5095
 Estimated net line counts = 11.2758 +- 8.4844
 Sample detection limit = 30.2857
------------


228Ac line at 911.196 keV:
Background:
 MCA center = 5528.4
 MCA sigma = 4.15983
 Left compton region = (5503.44,5515.92) --> 12.4795 chs
 Left compton counts = 0
 Signal region = (5515.92,5540.88) --> 24.959 chs
 Signal region counts = 8
 Right compton region = (5540.88,5553.36) --> 12.4795 chs
 Right compton counts = 2
 Estimated Compton counts in signal region = 2 +- 1.41421
 Estimated line net counts = 6 +- 3.16228
 Background detection limit = 11.7869
------------
Sample:
 MCA center = 5528.4
 MCA sigma = 4.15983
 Left compton region = (5503.44,5515.92) --> 12.4795 chs
 Left compton counts = 26.1867
 Signal region = (5515.92,5540.88) --> 24.959 chs
 Signal region counts = 97.7064
 Right compton region = (5540.88,5553.36) --> 12.4795 chs
 Right compton counts = 21.175
 Estimated Compton counts in signal region = 47.3617 +- 6.88198
 Estimated net line counts = 50.3447 +- 12.0444
 Sample detection limit = 36.8531
 Line detected! 
------------


228Ac line at 968.96 keV:
Background:
 MCA center = 5878.99
 MCA sigma = 4.25285
 Left compton region = (5853.48,5866.24) --> 12.7586 chs
 Left compton counts = 0
 Signal region = (5866.24,5891.75) --> 25.5171 chs
 Signal region counts = 1
 Right compton region = (5891.75,5904.51) --> 12.7586 chs
 Right compton counts = 2
 Estimated Compton counts in signal region = 2 +- 1.41421
 Estimated line net counts = -1 +- 1.73205
 Background detection limit = 11.7869
------------
Sample:
 MCA center = 5878.99
 MCA sigma = 4.25285
 Left compton region = (5853.48,5866.24) --> 12.7586 chs
 Left compton counts = 18.5187
 Signal region = (5866.24,5891.75) --> 25.5171 chs
 Signal region counts = 62.925
 Right compton region = (5891.75,5904.51) --> 12.7586 chs
 Right compton counts = 10.631
 Estimated Compton counts in signal region = 29.1497 +- 5.39905
 Estimated net line counts = 33.7753 +- 9.59556
 Sample detection limit = 29.7597
 Line detected! 
------------


234mPa line at 1001.03 keV:
Background:
 MCA center = 6073.62
 MCA sigma = 4.30377
 Left compton region = (6047.79,6060.71) --> 12.9113 chs
 Left compton counts = 0
 Signal region = (6060.71,6086.53) --> 25.8226 chs
 Signal region counts = 1.89955
 Right compton region = (6086.53,6099.44) --> 12.9113 chs
 Right compton counts = 1.10045
 Estimated Compton counts in signal region = 1.10045 +- 1.04903
 Estimated line net counts = 0.799091 +- 1.73205
 Background detection limit = 10.499
------------
Sample:
 MCA center = 6073.62
 MCA sigma = 4.30377
 Left compton region = (6047.79,6060.71) --> 12.9113 chs
 Left compton counts = 22.0753
 Signal region = (6060.71,6086.53) --> 25.8226 chs
 Signal region counts = 39.8242
 Right compton region = (6086.53,6099.44) --> 12.9113 chs
 Right compton counts = 12.1005
 Estimated Compton counts in signal region = 34.1758 +- 5.84601
 Estimated net line counts = 5.64842 +- 8.60233
 Sample detection limit = 31.891
------------


214Bi line at 1120.29 keV:
Background:
 MCA center = 6797.46
 MCA sigma = 4.48901
 Left compton region = (6770.52,6783.99) --> 13.467 chs
 Left compton counts = 2
 Signal region = (6783.99,6810.92) --> 26.9341 chs
 Signal region counts = 6
 Right compton region = (6810.92,6824.39) --> 13.467 chs
 Right compton counts = 0.805968
 Estimated Compton counts in signal region = 2.80597 +- 1.6751
 Estimated line net counts = 3.19403 +- 2.96749
 Background detection limit = 12.8
------------
Sample:
 MCA center = 6797.46
 MCA sigma = 4.48901
 Left compton region = (6770.52,6783.99) --> 13.467 chs
 Left compton counts = 15.2617
 Signal region = (6783.99,6810.92) --> 26.9341 chs
 Signal region counts = 118.338
 Right compton region = (6810.92,6824.39) --> 13.467 chs
 Right compton counts = 10.2738
 Estimated Compton counts in signal region = 25.5355 +- 5.05327
 Estimated net line counts = 92.8026 +- 11.9947
 Sample detection limit = 28.1163
 Line detected! 
------------


46Sc line at 1120.54 keV:
Background:
 MCA center = 6798.97
 MCA sigma = 4.48939
 Left compton region = (6772.04,6785.5) --> 13.4682 chs
 Left compton counts = 2
 Signal region = (6785.5,6812.44) --> 26.9364 chs
 Signal region counts = 6
 Right compton region = (6812.44,6825.91) --> 13.4682 chs
 Right compton counts = 1
 Estimated Compton counts in signal region = 3 +- 1.73205
 Estimated line net counts = 3 +- 3
 Background detection limit = 13.0289
------------
Sample:
 MCA center = 6798.97
 MCA sigma = 4.48939
 Left compton region = (6772.04,6785.5) --> 13.4682 chs
 Left compton counts = 19.1438
 Signal region = (6785.5,6812.44) --> 26.9364 chs
 Signal region counts = 116.977
 Right compton region = (6812.44,6825.91) --> 13.4682 chs
 Right compton counts = 7.42993
 Estimated Compton counts in signal region = 26.5737 +- 5.15497
 Estimated net line counts = 90.4029 +- 11.9812
 Sample detection limit = 28.5991
 Line detected! 
------------


60Co line at 1173.23 keV:
Background:
 MCA center = 7118.77
 MCA sigma = 4.56919
 Left compton region = (7091.35,7105.06) --> 13.7076 chs
 Left compton counts = 0
 Signal region = (7105.06,7132.48) --> 27.4151 chs
 Signal region counts = 3
 Right compton region = (7132.48,7146.18) --> 13.7076 chs
 Right compton counts = 1
 Estimated Compton counts in signal region = 1 +- 1
 Estimated line net counts = 2 +- 2
 Background detection limit = 10.3414
------------
Sample:
 MCA center = 7118.77
 MCA sigma = 4.56919
 Left compton region = (7091.35,7105.06) --> 13.7076 chs
 Left compton counts = 25.9911
 Signal region = (7105.06,7132.48) --> 27.4151 chs
 Signal region counts = 284.658
 Right compton region = (7132.48,7146.18) --> 13.7076 chs
 Right compton counts = 8.35052
 Estimated Compton counts in signal region = 34.3416 +- 5.86017
 Estimated net line counts = 250.317 +- 17.8606
 Sample detection limit = 31.9587
 Line detected! 
------------


60Co line at 1332.49 keV:
Background:
 MCA center = 8085.37
 MCA sigma = 4.80402
 Left compton region = (8056.55,8070.96) --> 14.4121 chs
 Left compton counts = 2
 Signal region = (8070.96,8099.78) --> 28.8241 chs
 Signal region counts = 5
 Right compton region = (8099.78,8114.2) --> 14.4121 chs
 Right compton counts = 0
 Estimated Compton counts in signal region = 2 +- 1.41421
 Estimated line net counts = 3 +- 2.64575
 Background detection limit = 11.7869
------------
Sample:
 MCA center = 8085.37
 MCA sigma = 4.80402
 Left compton region = (8056.55,8070.96) --> 14.4121 chs
 Left compton counts = 21.7857
 Signal region = (8070.96,8099.78) --> 28.8241 chs
 Signal region counts = 248.094
 Right compton region = (8099.78,8114.2) --> 14.4121 chs
 Right compton counts = 3.69196
 Estimated Compton counts in signal region = 25.4776 +- 5.04754
 Estimated net line counts = 222.616 +- 16.54
 Sample detection limit = 28.0891
 Line detected! 
------------


58Co line at 810.775 keV:
Background:
 MCA center = 4918.89
 MCA sigma = 3.99381
 Left compton region = (4894.92,4906.91) --> 11.9814 chs
 Left compton counts = 4
 Signal region = (4906.91,4930.87) --> 23.9629 chs
 Signal region counts = 2
 Right compton region = (4930.87,4942.85) --> 11.9814 chs
 Right compton counts = 4
 Estimated Compton counts in signal region = 8 +- 2.82843
 Estimated line net counts = -6 +- 3.16228
 Background detection limit = 17.7593
------------
Sample:
 MCA center = 4918.89
 MCA sigma = 3.99381
 Left compton region = (4894.92,4906.91) --> 11.9814 chs
 Left compton counts = 19.2046
 Signal region = (4906.91,4930.87) --> 23.9629 chs
 Signal region counts = 66.9643
 Right compton region = (4930.87,4942.85) --> 11.9814 chs
 Right compton counts = 20.1332
 Estimated Compton counts in signal region = 39.3378 +- 6.27198
 Estimated net line counts = 27.6265 +- 10.3103
 Sample detection limit = 33.9281
------------


56Co line at 846.771 keV:
Background:
 MCA center = 5137.37
 MCA sigma = 4.05398
 Left compton region = (5113.04,5125.21) --> 12.1619 chs
 Left compton counts = 2
 Signal region = (5125.21,5149.53) --> 24.3239 chs
 Signal region counts = 2
 Right compton region = (5149.53,5161.69) --> 12.1619 chs
 Right compton counts = 2
 Estimated Compton counts in signal region = 4 +- 2
 Estimated line net counts = -2 +- 2.44949
 Background detection limit = 14.1349
------------
Sample:
 MCA center = 5137.37
 MCA sigma = 4.05398
 Left compton region = (5113.04,5125.21) --> 12.1619 chs
 Left compton counts = 15
 Signal region = (5125.21,5149.53) --> 24.3239 chs
 Signal region counts = 34.5302
 Right compton region = (5149.53,5161.69) --> 12.1619 chs
 Right compton counts = 24.4759
 Estimated Compton counts in signal region = 39.4759 +- 6.28299
 Estimated net line counts = -4.94574 +- 8.60268
 Sample detection limit = 33.9808
------------


56Co line at 1238.28 keV:
Background:
 MCA center = 7513.6
 MCA sigma = 4.66625
 Left compton region = (7485.6,7499.6) --> 13.9988 chs
 Left compton counts = 0
 Signal region = (7499.6,7527.6) --> 27.9975 chs
 Signal region counts = 1
 Right compton region = (7527.6,7541.59) --> 13.9988 chs
 Right compton counts = 0
 Estimated Compton counts in signal region = 0 +- 0
 Estimated line net counts = 1 +- 1
 Background detection limit = 8.53935
------------
Sample:
 MCA center = 7513.6
 MCA sigma = 4.66625
 Left compton region = (7485.6,7499.6) --> 13.9988 chs
 Left compton counts = 13.1679
 Signal region = (7499.6,7527.6) --> 27.9975 chs
 Signal region counts = 58.8297
 Right compton region = (7527.6,7541.59) --> 13.9988 chs
 Right compton counts = 17.9992
 Estimated Compton counts in signal region = 31.1671 +- 5.58275
 Estimated net line counts = 27.6626 +- 9.48667
 Sample detection limit = 30.6349
------------


40K line at 1460.88 keV:
Background:
 MCA center = 8864.58
 MCA sigma = 4.98689
 Left compton region = (8834.66,8849.62) --> 14.9607 chs
 Left compton counts = 0
 Signal region = (8849.62,8879.54) --> 29.9214 chs
 Signal region counts = 13
 Right compton region = (8879.54,8894.5) --> 14.9607 chs
 Right compton counts = 0
 Estimated Compton counts in signal region = 0 +- 0
 Estimated line net counts = 13 +- 3.60555
 Background detection limit = 8.53935
 Background detected! 
------------
Sample:
 MCA center = 8864.58
 MCA sigma = 4.98689
 Left compton region = (8834.66,8849.62) --> 14.9607 chs
 Left compton counts = 18.2775
 Signal region = (8849.62,8879.54) --> 29.9214 chs
 Signal region counts = 622.526
 Right compton region = (8879.54,8894.5) --> 14.9607 chs
 Right compton counts = 4
 Estimated Compton counts in signal region = 22.2775 +- 4.71991
 Estimated net line counts = 589.849 +- 25.5563
 Sample detection limit = 31.2724
 Line detected! 
------------


214Bi line at 1764.49 keV:
Background:
 MCA center = 10707.2
 MCA sigma = 5.40002
 Left compton region = (10674.8,10691) --> 16.2 chs
 Left compton counts = 1
 Signal region = (10691,10723.4) --> 32.4001 chs
 Signal region counts = 6
 Right compton region = (10723.4,10739.6) --> 16.2 chs
 Right compton counts = 0
 Estimated Compton counts in signal region = 1 +- 1
 Estimated line net counts = 5 +- 2.64575
 Background detection limit = 10.3414
------------
Sample:
 MCA center = 10707.2
 MCA sigma = 5.40002
 Left compton region = (10674.8,10691) --> 16.2 chs
 Left compton counts = 9.20104
 Signal region = (10691,10723.4) --> 32.4001 chs
 Signal region counts = 105.402
 Right compton region = (10723.4,10739.6) --> 16.2 chs
 Right compton counts = 2.98996
 Estimated Compton counts in signal region = 12.191 +- 3.49156
 Estimated net line counts = 93.2111 +- 10.844
 Sample detection limit = 20.7873
 Line detected! 
------------


208Tl line at 2614.51 keV:
Background:
 MCA center = 15865.3
 MCA sigma = 6.44985
 Left compton region = (15826.6,15846) --> 19.3495 chs
 Left compton counts = 0.402724
 Signal region = (15846,15884.7) --> 38.6991 chs
 Signal region counts = 3
 Right compton region = (15884.7,15904) --> 19.3495 chs
 Right compton counts = 0
 Estimated Compton counts in signal region = 0.402724 +- 0.634605
 Estimated line net counts = 2.59728 +- 1.84465
 Background detection limit = 9.32578
------------
Sample:
 MCA center = 15865.3
 MCA sigma = 6.44985
 Left compton region = (15826.6,15846) --> 19.3495 chs
 Left compton counts = 3
 Signal region = (15846,15884.7) --> 38.6991 chs
 Signal region counts = 73
 Right compton region = (15884.7,15904) --> 19.3495 chs
 Right compton counts = 0
 Estimated Compton counts in signal region = 3 +- 1.73205
 Estimated net line counts = 70 +- 8.7178
 Sample detection limit = 13.0289
 Line detected! 
------------


Measure life time: 2.2464e+06 s = 26 d
Background life time: 2.808e+06 s = 32.5 d
