Number of lines to be analyzed: 23

234Th line at 92.6 keV:
Background:
 MCA center = 559.614
 MCA sigma = 2.55456
 Left compton region = (544.287,551.951) --> 7.66368 chs
 Left compton counts = 3.67987
 Signal region = (551.951,567.278) --> 15.3274 chs
 Signal region counts = 17
 Right compton region = (567.278,574.942) --> 7.66368 chs
 Right compton counts = 8
 Estimated Compton counts in signal region = 11.6799 +- 3.41758
 Estimated line net counts = 5.32013 +- 5.35536
 Background detection limit = 20.4459
------------
Sample:
 MCA center = 559.614
 MCA sigma = 2.55456
 Left compton region = (544.287,551.951) --> 7.66368 chs
 Left compton counts = 12.6799
 Signal region = (551.951,567.278) --> 15.3274 chs
 Signal region counts = 31
 Right compton region = (567.278,574.942) --> 7.66368 chs
 Right compton counts = 15.9534
 Estimated Compton counts in signal region = 28.6333 +- 5.35101
 Estimated net line counts = 2.36671 +- 7.72226
 Sample detection limit = 29.5311
------------


212Pb line at 238.632 keV:
Background:
 MCA center = 1446.06
 MCA sigma = 2.89929
 Left compton region = (1428.66,1437.36) --> 8.69788 chs
 Left compton counts = 11.5922
 Signal region = (1437.36,1454.75) --> 17.3958 chs
 Signal region counts = 24.6593
 Right compton region = (1454.75,1463.45) --> 8.69788 chs
 Right compton counts = 11.0843
 Estimated Compton counts in signal region = 22.6765 +- 4.76198
 Estimated line net counts = 1.98279 +- 6.8801
 Background detection limit = 26.7362
------------
Sample:
 MCA center = 1446.06
 MCA sigma = 2.89929
 Left compton region = (1428.66,1437.36) --> 8.69788 chs
 Left compton counts = 24.5922
 Signal region = (1437.36,1454.75) --> 17.3958 chs
 Signal region counts = 83.6593
 Right compton region = (1454.75,1463.45) --> 8.69788 chs
 Right compton counts = 20.6264
 Estimated Compton counts in signal region = 45.2186 +- 6.72448
 Estimated net line counts = 38.4407 +- 11.3524
 Sample detection limit = 36.097
 Line detected! 
------------


214Pb line at 295.224 keV:
Background:
 MCA center = 1789.58
 MCA sigma = 3.02325
 Left compton region = (1771.44,1780.51) --> 9.06976 chs
 Left compton counts = 8.07031
 Signal region = (1780.51,1798.65) --> 18.1395 chs
 Signal region counts = 24.3848
 Right compton region = (1798.65,1807.72) --> 9.06976 chs
 Right compton counts = 8.65219
 Estimated Compton counts in signal region = 16.7225 +- 4.08932
 Estimated line net counts = 7.66233 +- 6.4115
 Background detection limit = 23.569
------------
Sample:
 MCA center = 1789.58
 MCA sigma = 3.02325
 Left compton region = (1771.44,1780.51) --> 9.06976 chs
 Left compton counts = 23.6855
 Signal region = (1780.51,1798.65) --> 18.1395 chs
 Signal region counts = 56.2812
 Right compton region = (1798.65,1807.72) --> 9.06976 chs
 Right compton counts = 16.3145
 Estimated Compton counts in signal region = 40 +- 6.32456
 Estimated net line counts = 16.2812 +- 9.8123
 Sample detection limit = 34.1798
------------


228Ac line at 338.32 keV:
Background:
 MCA center = 2051.17
 MCA sigma = 3.11447
 Left compton region = (2032.48,2041.83) --> 9.34342 chs
 Left compton counts = 7.34399
 Signal region = (2041.83,2060.51) --> 18.6868 chs
 Signal region counts = 21.3285
 Right compton region = (2060.51,2069.86) --> 9.34342 chs
 Right compton counts = 6.70345
 Estimated Compton counts in signal region = 14.0474 +- 3.74799
 Estimated line net counts = 7.28108 +- 5.94777
 Background detection limit = 21.9759
------------
Sample:
 MCA center = 2051.17
 MCA sigma = 3.11447
 Left compton region = (2032.48,2041.83) --> 9.34342 chs
 Left compton counts = 11.9051
 Signal region = (2041.83,2060.51) --> 18.6868 chs
 Signal region counts = 28.0949
 Right compton region = (2060.51,2069.86) --> 9.34342 chs
 Right compton counts = 10.9691
 Estimated Compton counts in signal region = 22.8742 +- 4.7827
 Estimated net line counts = 5.22072 +- 7.13926
 Sample detection limit = 26.8341
------------


214Pb line at 351.932 keV:
Background:
 MCA center = 2133.8
 MCA sigma = 3.1428
 Left compton region = (2114.94,2124.37) --> 9.4284 chs
 Left compton counts = 5
 Signal region = (2124.37,2143.23) --> 18.8568 chs
 Signal region counts = 15.3558
 Right compton region = (2143.23,2152.65) --> 9.4284 chs
 Right compton counts = 9.42897
 Estimated Compton counts in signal region = 14.429 +- 3.79855
 Estimated line net counts = 0.926827 +- 5.45754
 Background detection limit = 22.2111
------------
Sample:
 MCA center = 2133.8
 MCA sigma = 3.1428
 Left compton region = (2114.94,2124.37) --> 9.4284 chs
 Left compton counts = 12.7245
 Signal region = (2124.37,2143.23) --> 18.8568 chs
 Signal region counts = 66
 Right compton region = (2143.23,2152.65) --> 9.4284 chs
 Right compton counts = 9
 Estimated Compton counts in signal region = 21.7245 +- 4.66095
 Estimated net line counts = 44.2755 +- 9.36613
 Sample detection limit = 26.2585
 Line detected! 
------------


208Tl line at 583.187 keV:
Background:
 MCA center = 3537.49
 MCA sigma = 3.59378
 Left compton region = (3515.93,3526.71) --> 10.7814 chs
 Left compton counts = 3
 Signal region = (3526.71,3548.28) --> 21.5627 chs
 Signal region counts = 9
 Right compton region = (3548.28,3559.06) --> 10.7814 chs
 Right compton counts = 2
 Estimated Compton counts in signal region = 5 +- 2.23607
 Estimated line net counts = 4 +- 3.74166
 Background detection limit = 15.1417
------------
Sample:
 MCA center = 3537.49
 MCA sigma = 3.59378
 Left compton region = (3515.93,3526.71) --> 10.7814 chs
 Left compton counts = 6.7865
 Signal region = (3526.71,3548.28) --> 21.5627 chs
 Signal region counts = 10.2135
 Right compton region = (3548.28,3559.06) --> 10.7814 chs
 Right compton counts = 9
 Estimated Compton counts in signal region = 15.7865 +- 3.97322
 Estimated net line counts = -5.57301 +- 5.09902
 Sample detection limit = 23.0259
------------


214Bi line at 609.312 keV:
Background:
 MCA center = 3696.07
 MCA sigma = 3.64161
 Left compton region = (3674.22,3685.14) --> 10.9248 chs
 Left compton counts = 0.36846
 Signal region = (3685.14,3706.99) --> 21.8497 chs
 Signal region counts = 8.85099
 Right compton region = (3706.99,3717.92) --> 10.9248 chs
 Right compton counts = 1.78055
 Estimated Compton counts in signal region = 2.14901 +- 1.46595
 Estimated line net counts = 6.70198 +- 3.31662
 Background detection limit = 11.9827
------------
Sample:
 MCA center = 3696.07
 MCA sigma = 3.64161
 Left compton region = (3674.22,3685.14) --> 10.9248 chs
 Left compton counts = 6.73692
 Signal region = (3685.14,3706.99) --> 21.8497 chs
 Signal region counts = 43.2631
 Right compton region = (3706.99,3717.92) --> 10.9248 chs
 Right compton counts = 7.14495
 Estimated Compton counts in signal region = 13.8819 +- 3.72584
 Estimated net line counts = 29.3812 +- 7.55943
 Sample detection limit = 21.8729
 Line detected! 
------------


137Cs line at 661.657 keV:
Background:
 MCA center = 4013.79
 MCA sigma = 3.73593
 Left compton region = (3991.37,4002.58) --> 11.2078 chs
 Left compton counts = 0
 Signal region = (4002.58,4025) --> 22.4156 chs
 Signal region counts = 13
 Right compton region = (4025,4036.21) --> 11.2078 chs
 Right compton counts = 0
 Estimated Compton counts in signal region = 0 +- 0
 Estimated line net counts = 13 +- 3.60555
 Background detection limit = 8.53935
 Background detected! 
------------
Sample:
 MCA center = 4013.79
 MCA sigma = 3.73593
 Left compton region = (3991.37,4002.58) --> 11.2078 chs
 Left compton counts = 3
 Signal region = (4002.58,4025) --> 22.4156 chs
 Signal region counts = 29
 Right compton region = (4025,4036.21) --> 11.2078 chs
 Right compton counts = 5.4519
 Estimated Compton counts in signal region = 8.4519 +- 2.90722
 Estimated net line counts = 3.77388 +- 7.6874
 Sample detection limit = 27.9706
------------


54Mn line at 834.838 keV:
Background:
 MCA center = 5064.94
 MCA sigma = 4.03412
 Left compton region = (5040.73,5052.84) --> 12.1024 chs
 Left compton counts = 1
 Signal region = (5052.84,5077.04) --> 24.2047 chs
 Signal region counts = 2
 Right compton region = (5077.04,5089.14) --> 12.1024 chs
 Right compton counts = 0
 Estimated Compton counts in signal region = 1 +- 1
 Estimated line net counts = 1 +- 1.73205
 Background detection limit = 10.3414
------------
Sample:
 MCA center = 5064.94
 MCA sigma = 4.03412
 Left compton region = (5040.73,5052.84) --> 12.1024 chs
 Left compton counts = 8.145
 Signal region = (5052.84,5077.04) --> 24.2047 chs
 Signal region counts = 21.2062
 Right compton region = (5077.04,5089.14) --> 12.1024 chs
 Right compton counts = 10.6488
 Estimated Compton counts in signal region = 18.7938 +- 4.33518
 Estimated net line counts = 2.41241 +- 6.32456
 Sample detection limit = 24.7229
------------


46Sc line at 889.271 keV:
Background:
 MCA center = 5395.32
 MCA sigma = 4.12412
 Left compton region = (5370.58,5382.95) --> 12.3724 chs
 Left compton counts = 1.27896
 Signal region = (5382.95,5407.7) --> 24.7447 chs
 Signal region counts = 1.72104
 Right compton region = (5407.7,5420.07) --> 12.3724 chs
 Right compton counts = 0
 Estimated Compton counts in signal region = 1.27896 +- 1.13091
 Estimated line net counts = 0.442076 +- 1.73205
 Background detection limit = 10.7713
------------
Sample:
 MCA center = 5395.32
 MCA sigma = 4.12412
 Left compton region = (5370.58,5382.95) --> 12.3724 chs
 Left compton counts = 5
 Signal region = (5382.95,5407.7) --> 24.7447 chs
 Signal region counts = 18
 Right compton region = (5407.7,5420.07) --> 12.3724 chs
 Right compton counts = 1
 Estimated Compton counts in signal region = 6 +- 2.44949
 Estimated net line counts = 12 +- 4.89898
 Sample detection limit = 16.072
------------


228Ac line at 911.196 keV:
Background:
 MCA center = 5528.4
 MCA sigma = 4.15983
 Left compton region = (5503.44,5515.92) --> 12.4795 chs
 Left compton counts = 0
 Signal region = (5515.92,5540.88) --> 24.959 chs
 Signal region counts = 3
 Right compton region = (5540.88,5553.36) --> 12.4795 chs
 Right compton counts = 0
 Estimated Compton counts in signal region = 0 +- 0
 Estimated line net counts = 3 +- 1.73205
 Background detection limit = 8.53935
------------
Sample:
 MCA center = 5528.4
 MCA sigma = 4.15983
 Left compton region = (5503.44,5515.92) --> 12.4795 chs
 Left compton counts = 5
 Signal region = (5515.92,5540.88) --> 24.959 chs
 Signal region counts = 16.2146
 Right compton region = (5540.88,5553.36) --> 12.4795 chs
 Right compton counts = 3.78544
 Estimated Compton counts in signal region = 8.78544 +- 2.96402
 Estimated net line counts = 7.42912 +- 5
 Sample detection limit = 18.3719
------------


228Ac line at 968.96 keV:
Background:
 MCA center = 5878.99
 MCA sigma = 4.25285
 Left compton region = (5853.48,5866.24) --> 12.7586 chs
 Left compton counts = 1
 Signal region = (5866.24,5891.75) --> 25.5171 chs
 Signal region counts = 5
 Right compton region = (5891.75,5904.51) --> 12.7586 chs
 Right compton counts = 0
 Estimated Compton counts in signal region = 1 +- 1
 Estimated line net counts = 4 +- 2.44949
 Background detection limit = 10.3414
------------
Sample:
 MCA center = 5878.99
 MCA sigma = 4.25285
 Left compton region = (5853.48,5866.24) --> 12.7586 chs
 Left compton counts = 6.75933
 Signal region = (5866.24,5891.75) --> 25.5171 chs
 Signal region counts = 21.5187
 Right compton region = (5891.75,5904.51) --> 12.7586 chs
 Right compton counts = 4.88764
 Estimated Compton counts in signal region = 11.647 +- 3.41277
 Estimated net line counts = 9.87169 +- 5.75896
 Sample detection limit = 20.4237
------------


234mPa line at 1001.03 keV:
Background:
 MCA center = 6073.62
 MCA sigma = 4.30377
 Left compton region = (6047.79,6060.71) --> 12.9113 chs
 Left compton counts = 2
 Signal region = (6060.71,6086.53) --> 25.8226 chs
 Signal region counts = 0
 Right compton region = (6086.53,6099.44) --> 12.9113 chs
 Right compton counts = 0
 Estimated Compton counts in signal region = 2 +- 1.41421
 Estimated line net counts = -2 +- 1.41421
 Background detection limit = 11.7869
------------
Sample:
 MCA center = 6073.62
 MCA sigma = 4.30377
 Left compton region = (6047.79,6060.71) --> 12.9113 chs
 Left compton counts = 4.07533
 Signal region = (6060.71,6086.53) --> 25.8226 chs
 Signal region counts = 15.9247
 Right compton region = (6086.53,6099.44) --> 12.9113 chs
 Right compton counts = 6
 Estimated Compton counts in signal region = 10.0753 +- 3.17417
 Estimated net line counts = 5.84933 +- 5.09902
 Sample detection limit = 19.3285
------------


214Bi line at 1120.29 keV:
Background:
 MCA center = 6797.46
 MCA sigma = 4.48901
 Left compton region = (6770.52,6783.99) --> 13.467 chs
 Left compton counts = 1
 Signal region = (6783.99,6810.92) --> 26.9341 chs
 Signal region counts = 4
 Right compton region = (6810.92,6824.39) --> 13.467 chs
 Right compton counts = 0
 Estimated Compton counts in signal region = 1 +- 1
 Estimated line net counts = 3 +- 2.23607
 Background detection limit = 10.3414
------------
Sample:
 MCA center = 6797.46
 MCA sigma = 4.48901
 Left compton region = (6770.52,6783.99) --> 13.467 chs
 Left compton counts = 7
 Signal region = (6783.99,6810.92) --> 26.9341 chs
 Signal region counts = 24
 Right compton region = (6810.92,6824.39) --> 13.467 chs
 Right compton counts = 2
 Estimated Compton counts in signal region = 9 +- 3
 Estimated net line counts = 15 +- 5.74456
 Sample detection limit = 18.535
------------


46Sc line at 1120.54 keV:
Background:
 MCA center = 6798.97
 MCA sigma = 4.48939
 Left compton region = (6772.04,6785.5) --> 13.4682 chs
 Left compton counts = 1
 Signal region = (6785.5,6812.44) --> 26.9364 chs
 Signal region counts = 4
 Right compton region = (6812.44,6825.91) --> 13.4682 chs
 Right compton counts = 0
 Estimated Compton counts in signal region = 1 +- 1
 Estimated line net counts = 3 +- 2.23607
 Background detection limit = 10.3414
------------
Sample:
 MCA center = 6798.97
 MCA sigma = 4.48939
 Left compton region = (6772.04,6785.5) --> 13.4682 chs
 Left compton counts = 8.83739
 Signal region = (6785.5,6812.44) --> 26.9364 chs
 Signal region counts = 22.1626
 Right compton region = (6812.44,6825.91) --> 13.4682 chs
 Right compton counts = 4.32569
 Estimated Compton counts in signal region = 13.1631 +- 3.6281
 Estimated net line counts = 8.99954 +- 5.94354
 Sample detection limit = 21.4192
------------


60Co line at 1173.23 keV:
Background:
 MCA center = 7118.77
 MCA sigma = 4.56919
 Left compton region = (7091.35,7105.06) --> 13.7076 chs
 Left compton counts = 0
 Signal region = (7105.06,7132.48) --> 27.4151 chs
 Signal region counts = 2
 Right compton region = (7132.48,7146.18) --> 13.7076 chs
 Right compton counts = 0
 Estimated Compton counts in signal region = 0 +- 0
 Estimated line net counts = 2 +- 1.41421
 Background detection limit = 8.53935
------------
Sample:
 MCA center = 7118.77
 MCA sigma = 4.56919
 Left compton region = (7091.35,7105.06) --> 13.7076 chs
 Left compton counts = 8
 Signal region = (7105.06,7132.48) --> 27.4151 chs
 Signal region counts = 212
 Right compton region = (7132.48,7146.18) --> 13.7076 chs
 Right compton counts = 2
 Estimated Compton counts in signal region = 10 +- 3.16228
 Estimated net line counts = 202 +- 14.8997
 Sample detection limit = 19.2741
 Line detected! 
------------


60Co line at 1332.49 keV:
Background:
 MCA center = 8085.37
 MCA sigma = 4.80402
 Left compton region = (8056.55,8070.96) --> 14.4121 chs
 Left compton counts = 0
 Signal region = (8070.96,8099.78) --> 28.8241 chs
 Signal region counts = 3.27902
 Right compton region = (8099.78,8114.2) --> 14.4121 chs
 Right compton counts = 0.720979
 Estimated Compton counts in signal region = 0.720979 +- 0.849105
 Estimated line net counts = 2.55804 +- 2
 Background detection limit = 9.88527
------------
Sample:
 MCA center = 8085.37
 MCA sigma = 4.80402
 Left compton region = (8056.55,8070.96) --> 14.4121 chs
 Left compton counts = 11.9063
 Signal region = (8070.96,8099.78) --> 28.8241 chs
 Signal region counts = 170.094
 Right compton region = (8099.78,8114.2) --> 14.4121 chs
 Right compton counts = 4
 Estimated Compton counts in signal region = 15.9063 +- 3.98827
 Estimated net line counts = 154.187 +- 13.6382
 Sample detection limit = 23.0962
 Line detected! 
------------


58Co line at 810.775 keV:
Background:
 MCA center = 4918.89
 MCA sigma = 3.99381
 Left compton region = (4894.92,4906.91) --> 11.9814 chs
 Left compton counts = 0
 Signal region = (4906.91,4930.87) --> 23.9629 chs
 Signal region counts = 1
 Right compton region = (4930.87,4942.85) --> 11.9814 chs
 Right compton counts = 2
 Estimated Compton counts in signal region = 2 +- 1.41421
 Estimated line net counts = -1 +- 1.73205
 Background detection limit = 11.7869
------------
Sample:
 MCA center = 4918.89
 MCA sigma = 3.99381
 Left compton region = (4894.92,4906.91) --> 11.9814 chs
 Left compton counts = 7.18673
 Signal region = (4906.91,4930.87) --> 23.9629 chs
 Signal region counts = 26.0975
 Right compton region = (4930.87,4942.85) --> 11.9814 chs
 Right compton counts = 12.4933
 Estimated Compton counts in signal region = 19.6801 +- 4.43622
 Estimated net line counts = 6.41748 +- 6.76591
 Sample detection limit = 25.1984
------------


56Co line at 846.771 keV:
Background:
 MCA center = 5137.37
 MCA sigma = 4.05398
 Left compton region = (5113.04,5125.21) --> 12.1619 chs
 Left compton counts = 0.644684
 Signal region = (5125.21,5149.53) --> 24.3239 chs
 Signal region counts = 0
 Right compton region = (5149.53,5161.69) --> 12.1619 chs
 Right compton counts = 0
 Estimated Compton counts in signal region = 0.644684 +- 0.802922
 Estimated line net counts = -0.644684 +- 0.802922
 Background detection limit = 9.75528
------------
Sample:
 MCA center = 5137.37
 MCA sigma = 4.05398
 Left compton region = (5113.04,5125.21) --> 12.1619 chs
 Left compton counts = 3.51801
 Signal region = (5125.21,5149.53) --> 24.3239 chs
 Signal region counts = 16.482
 Right compton region = (5149.53,5161.69) --> 12.1619 chs
 Right compton counts = 5.00608
 Estimated Compton counts in signal region = 8.52409 +- 2.9196
 Estimated net line counts = 7.9579 +- 5.00061
 Sample detection limit = 18.1708
------------


56Co line at 1238.28 keV:
Background:
 MCA center = 7513.6
 MCA sigma = 4.66625
 Left compton region = (7485.6,7499.6) --> 13.9988 chs
 Left compton counts = 1
 Signal region = (7499.6,7527.6) --> 27.9975 chs
 Signal region counts = 1
 Right compton region = (7527.6,7541.59) --> 13.9988 chs
 Right compton counts = 0
 Estimated Compton counts in signal region = 1 +- 1
 Estimated line net counts = 0 +- 1.41421
 Background detection limit = 10.3414
------------
Sample:
 MCA center = 7513.6
 MCA sigma = 4.66625
 Left compton region = (7485.6,7499.6) --> 13.9988 chs
 Left compton counts = 4
 Signal region = (7499.6,7527.6) --> 27.9975 chs
 Signal region counts = 12
 Right compton region = (7527.6,7541.59) --> 13.9988 chs
 Right compton counts = 7.05506
 Estimated Compton counts in signal region = 11.0551 +- 3.32492
 Estimated net line counts = 0.944936 +- 4.80157
 Sample detection limit = 20.0195
------------


40K line at 1460.88 keV:
Background:
 MCA center = 8864.58
 MCA sigma = 4.98689
 Left compton region = (8834.66,8849.62) --> 14.9607 chs
 Left compton counts = 1
 Signal region = (8849.62,8879.54) --> 29.9214 chs
 Signal region counts = 5
 Right compton region = (8879.54,8894.5) --> 14.9607 chs
 Right compton counts = 1
 Estimated Compton counts in signal region = 2 +- 1.41421
 Estimated line net counts = 3 +- 2.64575
 Background detection limit = 11.7869
------------
Sample:
 MCA center = 8864.58
 MCA sigma = 4.98689
 Left compton region = (8834.66,8849.62) --> 14.9607 chs
 Left compton counts = 20.6318
 Signal region = (8849.62,8879.54) --> 29.9214 chs
 Signal region counts = 309.368
 Right compton region = (8879.54,8894.5) --> 14.9607 chs
 Right compton counts = 1
 Estimated Compton counts in signal region = 21.6318 +- 4.651
 Estimated net line counts = 287.736 +- 18.1934
 Sample detection limit = 26.2115
 Line detected! 
------------


214Bi line at 1764.49 keV:
Background:
 MCA center = 10707.2
 MCA sigma = 5.40002
 Left compton region = (10674.8,10691) --> 16.2 chs
 Left compton counts = 0.59307
 Signal region = (10691,10723.4) --> 32.4001 chs
 Signal region counts = 0
 Right compton region = (10723.4,10739.6) --> 16.2 chs
 Right compton counts = 0
 Estimated Compton counts in signal region = 0.59307 +- 0.77011
 Estimated line net counts = -0.59307 +- 0.77011
 Background detection limit = 9.66594
------------
Sample:
 MCA center = 10707.2
 MCA sigma = 5.40002
 Left compton region = (10674.8,10691) --> 16.2 chs
 Left compton counts = 1
 Signal region = (10691,10723.4) --> 32.4001 chs
 Signal region counts = 6
 Right compton region = (10723.4,10739.6) --> 16.2 chs
 Right compton counts = 1
 Estimated Compton counts in signal region = 2 +- 1.41421
 Estimated net line counts = 4 +- 2.82843
 Sample detection limit = 11.7869
------------


208Tl line at 2614.51 keV:
Background:
 MCA center = 15865.3
 MCA sigma = 6.44985
 Left compton region = (15826.6,15846) --> 19.3495 chs
 Left compton counts = 0
 Signal region = (15846,15884.7) --> 38.6991 chs
 Signal region counts = 2
 Right compton region = (15884.7,15904) --> 19.3495 chs
 Right compton counts = 0
 Estimated Compton counts in signal region = 0 +- 0
 Estimated line net counts = 2 +- 1.41421
 Background detection limit = 8.53935
------------
Sample:
 MCA center = 15865.3
 MCA sigma = 6.44985
 Left compton region = (15826.6,15846) --> 19.3495 chs
 Left compton counts = 0
 Signal region = (15846,15884.7) --> 38.6991 chs
 Signal region counts = 9
 Right compton region = (15884.7,15904) --> 19.3495 chs
 Right compton counts = 0
 Estimated Compton counts in signal region = 0 +- 0
 Estimated net line counts = 9 +- 3
 Sample detection limit = 8.53935
 Line detected! 
------------


Measure life time: 1.728e+06 s = 20 d
Background life time: 1.3392e+06 s = 15.5 d
