Number of lines to be analyzed: 23

234Th line at 92.6 keV:
Background:
 MCA center = 559.614
 MCA sigma = 2.55456
 Left compton region = (544.287,551.951) --> 7.66368 chs
 Left compton counts = 17.3522
 Signal region = (551.951,567.278) --> 15.3274 chs
 Signal region counts = 44.9226
 Right compton region = (567.278,574.942) --> 7.66368 chs
 Right compton counts = 24.0547
 Estimated Compton counts in signal region = 41.4069 +- 6.43482
 Estimated line net counts = 3.51565 +- 9.29137
 Background detection limit = 34.7081
------------
Sample:
 MCA center = 559.614
 MCA sigma = 2.55456
 Left compton region = (544.287,551.951) --> 7.66368 chs
 Left compton counts = 35.3679
 Signal region = (551.951,567.278) --> 15.3274 chs
 Signal region counts = 101.845
 Right compton region = (567.278,574.942) --> 7.66368 chs
 Right compton counts = 47.117
 Estimated Compton counts in signal region = 82.4849 +- 9.08212
 Estimated net line counts = 19.3596 +- 13.5768
 Sample detection limit = 47.4531
------------


212Pb line at 238.632 keV:
Background:
 MCA center = 1446.06
 MCA sigma = 2.89929
 Left compton region = (1428.66,1437.36) --> 8.69788 chs
 Left compton counts = 22.6984
 Signal region = (1437.36,1454.75) --> 17.3958 chs
 Signal region counts = 72.928
 Right compton region = (1454.75,1463.45) --> 8.69788 chs
 Right compton counts = 21.1672
 Estimated Compton counts in signal region = 43.8656 +- 6.62311
 Estimated line net counts = 29.0623 +- 10.8071
 Background detection limit = 35.6108
------------
Sample:
 MCA center = 1446.06
 MCA sigma = 2.89929
 Left compton region = (1428.66,1437.36) --> 8.69788 chs
 Left compton counts = 60.0342
 Signal region = (1437.36,1454.75) --> 17.3958 chs
 Signal region counts = 212.884
 Right compton region = (1454.75,1463.45) --> 8.69788 chs
 Right compton counts = 74.9731
 Estimated Compton counts in signal region = 135.007 +- 11.6193
 Estimated net line counts = 77.8766 +- 18.6518
 Sample detection limit = 59.7301
 Line detected! 
------------


214Pb line at 295.224 keV:
Background:
 MCA center = 1789.58
 MCA sigma = 3.02325
 Left compton region = (1771.44,1780.51) --> 9.06976 chs
 Left compton counts = 12.8455
 Signal region = (1780.51,1798.65) --> 18.1395 chs
 Signal region counts = 44.9103
 Right compton region = (1798.65,1807.72) --> 9.06976 chs
 Right compton counts = 16.2442
 Estimated Compton counts in signal region = 29.0897 +- 5.39349
 Estimated line net counts = 15.8206 +- 8.60233
 Background detection limit = 29.7333
------------
Sample:
 MCA center = 1789.58
 MCA sigma = 3.02325
 Left compton region = (1771.44,1780.51) --> 9.06976 chs
 Left compton counts = 38.8964
 Signal region = (1780.51,1798.65) --> 18.1395 chs
 Signal region counts = 109.68
 Right compton region = (1798.65,1807.72) --> 9.06976 chs
 Right compton counts = 28.8964
 Estimated Compton counts in signal region = 67.7928 +- 8.23364
 Estimated net line counts = 41.8872 +- 13.3219
 Sample detection limit = 43.358
------------


228Ac line at 338.32 keV:
Background:
 MCA center = 2051.17
 MCA sigma = 3.11447
 Left compton region = (2032.48,2041.83) --> 9.34342 chs
 Left compton counts = 14.9526
 Signal region = (2041.83,2060.51) --> 18.6868 chs
 Signal region counts = 25.9691
 Right compton region = (2060.51,2069.86) --> 9.34342 chs
 Right compton counts = 15.032
 Estimated Compton counts in signal region = 29.9845 +- 5.47581
 Estimated line net counts = -4.01547 +- 7.48021
 Background detection limit = 30.1253
------------
Sample:
 MCA center = 2051.17
 MCA sigma = 3.11447
 Left compton region = (2032.48,2041.83) --> 9.34342 chs
 Left compton counts = 30.032
 Signal region = (2041.83,2060.51) --> 18.6868 chs
 Signal region counts = 50.7045
 Right compton region = (2060.51,2069.86) --> 9.34342 chs
 Right compton counts = 21.4224
 Estimated Compton counts in signal region = 51.4544 +- 7.17317
 Estimated net line counts = -0.74985 +- 10.1074
 Sample detection limit = 38.252
------------


214Pb line at 351.932 keV:
Background:
 MCA center = 2133.8
 MCA sigma = 3.1428
 Left compton region = (2114.94,2124.37) --> 9.4284 chs
 Left compton counts = 20.3558
 Signal region = (2124.37,2143.23) --> 18.8568 chs
 Signal region counts = 46.8622
 Right compton region = (2143.23,2152.65) --> 9.4284 chs
 Right compton counts = 10.6442
 Estimated Compton counts in signal region = 31 +- 5.56776
 Estimated line net counts = 15.8622 +- 8.82396
 Background detection limit = 30.5634
------------
Sample:
 MCA center = 2133.8
 MCA sigma = 3.1428
 Left compton region = (2114.94,2124.37) --> 9.4284 chs
 Left compton counts = 29.1534
 Signal region = (2124.37,2143.23) --> 18.8568 chs
 Signal region counts = 133.57
 Right compton region = (2143.23,2152.65) --> 9.4284 chs
 Right compton counts = 19.5021
 Estimated Compton counts in signal region = 48.6556 +- 6.97535
 Estimated net line counts = 84.914 +- 13.4991
 Sample detection limit = 37.3015
 Line detected! 
------------


208Tl line at 583.187 keV:
Background:
 MCA center = 3537.49
 MCA sigma = 3.59378
 Left compton region = (3515.93,3526.71) --> 10.7814 chs
 Left compton counts = 3
 Signal region = (3526.71,3548.28) --> 21.5627 chs
 Signal region counts = 11.4929
 Right compton region = (3548.28,3559.06) --> 10.7814 chs
 Right compton counts = 2.05689
 Estimated Compton counts in signal region = 5.05689 +- 2.24875
 Estimated line net counts = 6.43597 +- 4.06814
 Background detection limit = 15.1965
------------
Sample:
 MCA center = 3537.49
 MCA sigma = 3.59378
 Left compton region = (3515.93,3526.71) --> 10.7814 chs
 Left compton counts = 16.5595
 Signal region = (3526.71,3548.28) --> 21.5627 chs
 Signal region counts = 70.4929
 Right compton region = (3548.28,3559.06) --> 10.7814 chs
 Right compton counts = 12.5071
 Estimated Compton counts in signal region = 29.0667 +- 5.39135
 Estimated net line counts = 41.4262 +- 9.97795
 Sample detection limit = 29.7231
 Line detected! 
------------


214Bi line at 609.312 keV:
Background:
 MCA center = 3696.07
 MCA sigma = 3.64161
 Left compton region = (3674.22,3685.14) --> 10.9248 chs
 Left compton counts = 2.55704
 Signal region = (3685.14,3706.99) --> 21.8497 chs
 Signal region counts = 33
 Right compton region = (3706.99,3717.92) --> 10.9248 chs
 Right compton counts = 2
 Estimated Compton counts in signal region = 4.55704 +- 2.13472
 Estimated line net counts = 28.443 +- 6.12838
 Background detection limit = 14.7063
 Background detected! 
------------
Sample:
 MCA center = 3696.07
 MCA sigma = 3.64161
 Left compton region = (3674.22,3685.14) --> 10.9248 chs
 Left compton counts = 8.36846
 Signal region = (3685.14,3706.99) --> 21.8497 chs
 Signal region counts = 100.851
 Right compton region = (3706.99,3717.92) --> 10.9248 chs
 Right compton counts = 12.9255
 Estimated Compton counts in signal region = 21.294 +- 4.61454
 Estimated net line counts = 51.5517 +- 12.5919
 Sample detection limit = 37.5224
 Line detected! 
------------


137Cs line at 661.657 keV:
Background:
 MCA center = 4013.79
 MCA sigma = 3.73593
 Left compton region = (3991.37,4002.58) --> 11.2078 chs
 Left compton counts = 1
 Signal region = (4002.58,4025) --> 22.4156 chs
 Signal region counts = 15
 Right compton region = (4025,4036.21) --> 11.2078 chs
 Right compton counts = 2
 Estimated Compton counts in signal region = 3 +- 1.73205
 Estimated line net counts = 12 +- 4.24264
 Background detection limit = 13.0289
------------
Sample:
 MCA center = 4013.79
 MCA sigma = 3.73593
 Left compton region = (3991.37,4002.58) --> 11.2078 chs
 Left compton counts = 12.6529
 Signal region = (4002.58,4025) --> 22.4156 chs
 Signal region counts = 37.8339
 Right compton region = (4025,4036.21) --> 11.2078 chs
 Right compton counts = 10.5132
 Estimated Compton counts in signal region = 23.1661 +- 4.81311
 Estimated net line counts = 14.6679 +- 7.81025
 Sample detection limit = 26.9781
------------


54Mn line at 834.838 keV:
Background:
 MCA center = 5064.94
 MCA sigma = 4.03412
 Left compton region = (5040.73,5052.84) --> 12.1024 chs
 Left compton counts = 2
 Signal region = (5052.84,5077.04) --> 24.2047 chs
 Signal region counts = 6.35121
 Right compton region = (5077.04,5089.14) --> 12.1024 chs
 Right compton counts = 5.1031
 Estimated Compton counts in signal region = 7.1031 +- 2.66516
 Estimated line net counts = -0.751897 +- 3.66801
 Background detection limit = 17.0275
------------
Sample:
 MCA center = 5064.94
 MCA sigma = 4.03412
 Left compton region = (5040.73,5052.84) --> 12.1024 chs
 Left compton counts = 19.2674
 Signal region = (5052.84,5077.04) --> 24.2047 chs
 Signal region counts = 83.565
 Right compton region = (5077.04,5089.14) --> 12.1024 chs
 Right compton counts = 15
 Estimated Compton counts in signal region = 34.2674 +- 5.85384
 Estimated net line counts = 49.2976 +- 10.8551
 Sample detection limit = 31.9284
 Line detected! 
------------


46Sc line at 889.271 keV:
Background:
 MCA center = 5395.32
 MCA sigma = 4.12412
 Left compton region = (5370.58,5382.95) --> 12.3724 chs
 Left compton counts = 1.37312
 Signal region = (5382.95,5407.7) --> 24.7447 chs
 Signal region counts = 1.72104
 Right compton region = (5407.7,5420.07) --> 12.3724 chs
 Right compton counts = 0
 Estimated Compton counts in signal region = 1.37312 +- 1.1718
 Estimated line net counts = 0.347915 +- 1.75902
 Background detection limit = 10.9112
------------
Sample:
 MCA center = 5395.32
 MCA sigma = 4.12412
 Left compton region = (5370.58,5382.95) --> 12.3724 chs
 Left compton counts = 7.18832
 Signal region = (5382.95,5407.7) --> 24.7447 chs
 Signal region counts = 11
 Right compton region = (5407.7,5420.07) --> 12.3724 chs
 Right compton counts = 10
 Estimated Compton counts in signal region = 17.1883 +- 4.14588
 Estimated net line counts = -6.18832 +- 5.30927
 Sample detection limit = 23.834
------------


228Ac line at 911.196 keV:
Background:
 MCA center = 5528.4
 MCA sigma = 4.15983
 Left compton region = (5503.44,5515.92) --> 12.4795 chs
 Left compton counts = 0
 Signal region = (5515.92,5540.88) --> 24.959 chs
 Signal region counts = 8
 Right compton region = (5540.88,5553.36) --> 12.4795 chs
 Right compton counts = 2
 Estimated Compton counts in signal region = 2 +- 1.41421
 Estimated line net counts = 6 +- 3.16228
 Background detection limit = 11.7869
------------
Sample:
 MCA center = 5528.4
 MCA sigma = 4.15983
 Left compton region = (5503.44,5515.92) --> 12.4795 chs
 Left compton counts = 9.25407
 Signal region = (5515.92,5540.88) --> 24.959 chs
 Signal region counts = 36.9605
 Right compton region = (5540.88,5553.36) --> 12.4795 chs
 Right compton counts = 9.78544
 Estimated Compton counts in signal region = 19.0395 +- 4.36343
 Estimated net line counts = 17.921 +- 7.48331
 Sample detection limit = 24.8558
------------


228Ac line at 968.96 keV:
Background:
 MCA center = 5878.99
 MCA sigma = 4.25285
 Left compton region = (5853.48,5866.24) --> 12.7586 chs
 Left compton counts = 0
 Signal region = (5866.24,5891.75) --> 25.5171 chs
 Signal region counts = 1
 Right compton region = (5891.75,5904.51) --> 12.7586 chs
 Right compton counts = 2
 Estimated Compton counts in signal region = 2 +- 1.41421
 Estimated line net counts = -1 +- 1.73205
 Background detection limit = 11.7869
------------
Sample:
 MCA center = 5878.99
 MCA sigma = 4.25285
 Left compton region = (5853.48,5866.24) --> 12.7586 chs
 Left compton counts = 11.925
 Signal region = (5866.24,5891.75) --> 25.5171 chs
 Signal region counts = 29.4063
 Right compton region = (5891.75,5904.51) --> 12.7586 chs
 Right compton counts = 7.74339
 Estimated Compton counts in signal region = 19.6684 +- 4.4349
 Estimated net line counts = 9.73794 +- 7.00533
 Sample detection limit = 25.1922
------------


234mPa line at 1001.03 keV:
Background:
 MCA center = 6073.62
 MCA sigma = 4.30377
 Left compton region = (6047.79,6060.71) --> 12.9113 chs
 Left compton counts = 0
 Signal region = (6060.71,6086.53) --> 25.8226 chs
 Signal region counts = 1.89955
 Right compton region = (6086.53,6099.44) --> 12.9113 chs
 Right compton counts = 1.10045
 Estimated Compton counts in signal region = 1.10045 +- 1.04903
 Estimated line net counts = 0.799091 +- 1.73205
 Background detection limit = 10.499
------------
Sample:
 MCA center = 6073.62
 MCA sigma = 4.30377
 Left compton region = (6047.79,6060.71) --> 12.9113 chs
 Left compton counts = 7
 Signal region = (6060.71,6086.53) --> 25.8226 chs
 Signal region counts = 30
 Right compton region = (6086.53,6099.44) --> 12.9113 chs
 Right compton counts = 9.81165
 Estimated Compton counts in signal region = 16.8117 +- 4.1002
 Estimated net line counts = 13.1883 +- 6.8419
 Sample detection limit = 23.6199
------------


214Bi line at 1120.29 keV:
Background:
 MCA center = 6797.46
 MCA sigma = 4.48901
 Left compton region = (6770.52,6783.99) --> 13.467 chs
 Left compton counts = 2
 Signal region = (6783.99,6810.92) --> 26.9341 chs
 Signal region counts = 6
 Right compton region = (6810.92,6824.39) --> 13.467 chs
 Right compton counts = 0.805968
 Estimated Compton counts in signal region = 2.80597 +- 1.6751
 Estimated line net counts = 3.19403 +- 2.96749
 Background detection limit = 12.8
------------
Sample:
 MCA center = 6797.46
 MCA sigma = 4.48901
 Left compton region = (6770.52,6783.99) --> 13.467 chs
 Left compton counts = 7.53327
 Signal region = (6783.99,6810.92) --> 26.9341 chs
 Signal region counts = 31.9357
 Right compton region = (6810.92,6824.39) --> 13.467 chs
 Right compton counts = 7.66188
 Estimated Compton counts in signal region = 15.1952 +- 3.8981
 Estimated net line counts = 16.7405 +- 6.86519
 Sample detection limit = 22.6751
------------


46Sc line at 1120.54 keV:
Background:
 MCA center = 6798.97
 MCA sigma = 4.48939
 Left compton region = (6772.04,6785.5) --> 13.4682 chs
 Left compton counts = 2
 Signal region = (6785.5,6812.44) --> 26.9364 chs
 Signal region counts = 6
 Right compton region = (6812.44,6825.91) --> 13.4682 chs
 Right compton counts = 1
 Estimated Compton counts in signal region = 3 +- 1.73205
 Estimated line net counts = 3 +- 3
 Background detection limit = 13.0289
------------
Sample:
 MCA center = 6798.97
 MCA sigma = 4.48939
 Left compton region = (6772.04,6785.5) --> 13.4682 chs
 Left compton counts = 7.91869
 Signal region = (6785.5,6812.44) --> 26.9364 chs
 Signal region counts = 31.938
 Right compton region = (6812.44,6825.91) --> 13.4682 chs
 Right compton counts = 6.79469
 Estimated Compton counts in signal region = 14.7134 +- 3.8358
 Estimated net line counts = 17.2246 +- 6.83018
 Sample detection limit = 22.3846
------------


60Co line at 1173.23 keV:
Background:
 MCA center = 7118.77
 MCA sigma = 4.56919
 Left compton region = (7091.35,7105.06) --> 13.7076 chs
 Left compton counts = 0
 Signal region = (7105.06,7132.48) --> 27.4151 chs
 Signal region counts = 3
 Right compton region = (7132.48,7146.18) --> 13.7076 chs
 Right compton counts = 1
 Estimated Compton counts in signal region = 1 +- 1
 Estimated line net counts = 2 +- 2
 Background detection limit = 10.3414
------------
Sample:
 MCA center = 7118.77
 MCA sigma = 4.56919
 Left compton region = (7091.35,7105.06) --> 13.7076 chs
 Left compton counts = 18.6995
 Signal region = (7105.06,7132.48) --> 27.4151 chs
 Signal region counts = 321.426
 Right compton region = (7132.48,7146.18) --> 13.7076 chs
 Right compton counts = 6.70841
 Estimated Compton counts in signal region = 25.4079 +- 5.04063
 Estimated net line counts = 296.018 +- 18.6235
 Sample detection limit = 28.0563
 Line detected! 
------------


60Co line at 1332.49 keV:
Background:
 MCA center = 8085.37
 MCA sigma = 4.80402
 Left compton region = (8056.55,8070.96) --> 14.4121 chs
 Left compton counts = 2
 Signal region = (8070.96,8099.78) --> 28.8241 chs
 Signal region counts = 5
 Right compton region = (8099.78,8114.2) --> 14.4121 chs
 Right compton counts = 0
 Estimated Compton counts in signal region = 2 +- 1.41421
 Estimated line net counts = 3 +- 2.64575
 Background detection limit = 11.7869
------------
Sample:
 MCA center = 8085.37
 MCA sigma = 4.80402
 Left compton region = (8056.55,8070.96) --> 14.4121 chs
 Left compton counts = 14.1451
 Signal region = (8070.96,8099.78) --> 28.8241 chs
 Signal region counts = 257.734
 Right compton region = (8099.78,8114.2) --> 14.4121 chs
 Right compton counts = 0
 Estimated Compton counts in signal region = 14.1451 +- 3.761
 Estimated net line counts = 243.589 +- 16.4888
 Sample detection limit = 22.0364
 Line detected! 
------------


58Co line at 810.775 keV:
Background:
 MCA center = 4918.89
 MCA sigma = 3.99381
 Left compton region = (4894.92,4906.91) --> 11.9814 chs
 Left compton counts = 4
 Signal region = (4906.91,4930.87) --> 23.9629 chs
 Signal region counts = 2
 Right compton region = (4930.87,4942.85) --> 11.9814 chs
 Right compton counts = 4
 Estimated Compton counts in signal region = 8 +- 2.82843
 Estimated line net counts = -6 +- 3.16228
 Background detection limit = 17.7593
------------
Sample:
 MCA center = 4918.89
 MCA sigma = 3.99381
 Left compton region = (4894.92,4906.91) --> 11.9814 chs
 Left compton counts = 12.7776
 Signal region = (4906.91,4930.87) --> 23.9629 chs
 Signal region counts = 55
 Right compton region = (4930.87,4942.85) --> 11.9814 chs
 Right compton counts = 6.15105
 Estimated Compton counts in signal region = 18.9286 +- 4.35071
 Estimated net line counts = 36.0714 +- 8.59818
 Sample detection limit = 24.7959
 Line detected! 
------------


56Co line at 846.771 keV:
Background:
 MCA center = 5137.37
 MCA sigma = 4.05398
 Left compton region = (5113.04,5125.21) --> 12.1619 chs
 Left compton counts = 2
 Signal region = (5125.21,5149.53) --> 24.3239 chs
 Signal region counts = 2
 Right compton region = (5149.53,5161.69) --> 12.1619 chs
 Right compton counts = 2
 Estimated Compton counts in signal region = 4 +- 2
 Estimated line net counts = -2 +- 2.44949
 Background detection limit = 14.1349
------------
Sample:
 MCA center = 5137.37
 MCA sigma = 4.05398
 Left compton region = (5113.04,5125.21) --> 12.1619 chs
 Left compton counts = 10.036
 Signal region = (5125.21,5149.53) --> 24.3239 chs
 Signal region counts = 26.964
 Right compton region = (5149.53,5161.69) --> 12.1619 chs
 Right compton counts = 6.01825
 Estimated Compton counts in signal region = 16.0543 +- 4.00678
 Estimated net line counts = 10.9097 +- 6.55883
 Sample detection limit = 23.1827
------------


56Co line at 1238.28 keV:
Background:
 MCA center = 7513.6
 MCA sigma = 4.66625
 Left compton region = (7485.6,7499.6) --> 13.9988 chs
 Left compton counts = 0
 Signal region = (7499.6,7527.6) --> 27.9975 chs
 Signal region counts = 1
 Right compton region = (7527.6,7541.59) --> 13.9988 chs
 Right compton counts = 0
 Estimated Compton counts in signal region = 0 +- 0
 Estimated line net counts = 1 +- 1
 Background detection limit = 8.53935
------------
Sample:
 MCA center = 7513.6
 MCA sigma = 4.66625
 Left compton region = (7485.6,7499.6) --> 13.9988 chs
 Left compton counts = 3.11247
 Signal region = (7499.6,7527.6) --> 27.9975 chs
 Signal region counts = 30.943
 Right compton region = (7527.6,7541.59) --> 13.9988 chs
 Right compton counts = 7.94455
 Estimated Compton counts in signal region = 11.057 +- 3.32521
 Estimated net line counts = 19.886 +- 6.48074
 Sample detection limit = 20.0208
------------


40K line at 1460.88 keV:
Background:
 MCA center = 8864.58
 MCA sigma = 4.98689
 Left compton region = (8834.66,8849.62) --> 14.9607 chs
 Left compton counts = 0
 Signal region = (8849.62,8879.54) --> 29.9214 chs
 Signal region counts = 13
 Right compton region = (8879.54,8894.5) --> 14.9607 chs
 Right compton counts = 0
 Estimated Compton counts in signal region = 0 +- 0
 Estimated line net counts = 13 +- 3.60555
 Background detection limit = 8.53935
 Background detected! 
------------
Sample:
 MCA center = 8864.58
 MCA sigma = 4.98689
 Left compton region = (8834.66,8849.62) --> 14.9607 chs
 Left compton counts = 24.7514
 Signal region = (8849.62,8879.54) --> 29.9214 chs
 Signal region counts = 364.052
 Right compton region = (8879.54,8894.5) --> 14.9607 chs
 Right compton counts = 2.04274
 Estimated Compton counts in signal region = 26.7941 +- 5.1763
 Estimated net line counts = 324.458 +- 20.0861
 Sample detection limit = 34.0258
 Line detected! 
------------


214Bi line at 1764.49 keV:
Background:
 MCA center = 10707.2
 MCA sigma = 5.40002
 Left compton region = (10674.8,10691) --> 16.2 chs
 Left compton counts = 1
 Signal region = (10691,10723.4) --> 32.4001 chs
 Signal region counts = 6
 Right compton region = (10723.4,10739.6) --> 16.2 chs
 Right compton counts = 0
 Estimated Compton counts in signal region = 1 +- 1
 Estimated line net counts = 5 +- 2.64575
 Background detection limit = 10.3414
------------
Sample:
 MCA center = 10707.2
 MCA sigma = 5.40002
 Left compton region = (10674.8,10691) --> 16.2 chs
 Left compton counts = 0
 Signal region = (10691,10723.4) --> 32.4001 chs
 Signal region counts = 28
 Right compton region = (10723.4,10739.6) --> 16.2 chs
 Right compton counts = 0
 Estimated Compton counts in signal region = 0 +- 0
 Estimated net line counts = 28 +- 5.2915
 Sample detection limit = 8.53935
 Line detected! 
------------


208Tl line at 2614.51 keV:
Background:
 MCA center = 15865.3
 MCA sigma = 6.44985
 Left compton region = (15826.6,15846) --> 19.3495 chs
 Left compton counts = 0.402724
 Signal region = (15846,15884.7) --> 38.6991 chs
 Signal region counts = 3
 Right compton region = (15884.7,15904) --> 19.3495 chs
 Right compton counts = 0
 Estimated Compton counts in signal region = 0.402724 +- 0.634605
 Estimated line net counts = 2.59728 +- 1.84465
 Background detection limit = 9.32578
------------
Sample:
 MCA center = 15865.3
 MCA sigma = 6.44985
 Left compton region = (15826.6,15846) --> 19.3495 chs
 Left compton counts = 1.948
 Signal region = (15846,15884.7) --> 38.6991 chs
 Signal region counts = 23.052
 Right compton region = (15884.7,15904) --> 19.3495 chs
 Right compton counts = 1
 Estimated Compton counts in signal region = 2.948 +- 1.71697
 Estimated net line counts = 20.104 +- 5.09902
 Sample detection limit = 12.968
 Line detected! 
------------


Measure life time: 2.7648e+06 s = 32 d
Background life time: 2.808e+06 s = 32.5 d
